   0  $accept : Program $end

   1  Program : ClassList

   2  ClassList : ClassList ClassDef
   3            | ClassDef

   4  VariableDef : Variable ';'

   5  Variable : Type IDENTIFIER

   6  Type : INT
   7       | VOID
   8       | BOOL
   9       | STRING
  10       | CLASS IDENTIFIER
  11       | Type '[' ']'

  12  ClassDef : CLASS IDENTIFIER ExtendsClause '{' FieldList '}'
  13           | SEALED CLASS IDENTIFIER ExtendsClause '{' FieldList '}'

  14  ExtendsClause : EXTENDS IDENTIFIER
  15                |

  16  FieldList : FieldList VariableDef
  17            | FieldList FunctionDef
  18            |

  19  Formals : VariableList
  20          |

  21  VariableList : VariableList ',' Variable
  22               | Variable

  23  FunctionDef : STATIC Type IDENTIFIER '(' Formals ')' StmtBlock
  24              | Type IDENTIFIER '(' Formals ')' StmtBlock

  25  StmtBlock : '{' StmtList '}'

  26  StmtList : StmtList Stmt
  27           |

  28  Stmt : VariableDef
  29       | SimpleStmt ';'
  30       | IfStmt
  31       | WhileStmt
  32       | ForStmt
  33       | ReturnStmt ';'
  34       | PrintStmt ';'
  35       | BreakStmt ';'
  36       | StmtBlock
  37       | OCStmt ';'
  38       | GuardedStmt
  39       | ForeachStmt

  40  SimpleStmt : LValue '=' Expr
  41             | Call
  42             |

  43  OCStmt : SCOPY '(' IDENTIFIER ',' Expr ')'

  44  GuardedStmt : IF '{' GuardedElement '}'

  45  GuardedElement : Guard
  46                 | GuardedElement PARGUARD Guard
  47                 |

  48  Guard : Expr ':' Stmt

  49  BoundVariable : Type IDENTIFIER
  50                | VAR IDENTIFIER

  51  ForeachStmt : FOREACH '(' BoundVariable IN Expr WhileClause ')' Stmt

  52  WhileClause : WHILE Expr
  53              |

  54  Receiver : Expr '.'
  55           |

  56  LValue : Receiver IDENTIFIER
  57         | Expr '[' Expr ']'
  58         | VAR IDENTIFIER

  59  Call : Receiver IDENTIFIER '(' Actuals ')'

  60  Expr : LValue
  61       | Call
  62       | Constant
  63       | Expr '+' Expr
  64       | Expr '-' Expr
  65       | Expr '*' Expr
  66       | Expr '/' Expr
  67       | Expr '%' Expr
  68       | Expr EQUAL Expr
  69       | Expr NOT_EQUAL Expr
  70       | Expr '<' Expr
  71       | Expr '>' Expr
  72       | Expr LESS_EQUAL Expr
  73       | Expr GREATER_EQUAL Expr
  74       | Expr AND Expr
  75       | Expr OR Expr
  76       | '(' Expr ')'
  77       | '-' Expr
  78       | '!' Expr
  79       | READ_INTEGER '(' ')'
  80       | READ_LINE '(' ')'
  81       | THIS
  82       | NEW IDENTIFIER '(' ')'
  83       | NEW Type '[' Expr ']'
  84       | INSTANCEOF '(' Expr ',' IDENTIFIER ')'
  85       | '(' CLASS IDENTIFIER ')' Expr
  86       | Expr ARRAYCOPY Expr
  87       | Expr ARRAYAPPEND Expr
  88       | Expr '[' Expr ':' Expr ']'
  89       | Expr '[' Expr ']' DEFAULT Expr
  90       | '[' Expr FOR IDENTIFIER IN Expr IfClause ']'

  91  IfClause : IF Expr
  92           |

  93  Constant : LITERAL
  94           | NULL
  95           | '[' ArrayConstant ']'

  96  ArrayConstant : Constant
  97                | ArrayConstant ',' Constant
  98                |

  99  Actuals : ExprList
 100          |

 101  ExprList : ExprList ',' Expr
 102           | Expr

 103  WhileStmt : WHILE '(' Expr ')' Stmt

 104  ForStmt : FOR '(' SimpleStmt ';' Expr ';' SimpleStmt ')' Stmt

 105  BreakStmt : BREAK

 106  IfStmt : IF '(' Expr ')' Stmt ElseClause

 107  ElseClause : ELSE Stmt
 108             |

 109  ReturnStmt : RETURN Expr
 110             | RETURN

 111  PrintStmt : PRINT '(' ExprList ')'

state 0
	$accept : . Program $end  (0)

	CLASS  shift 1
	SEALED  shift 2
	.  error

	Program  goto 3
	ClassList  goto 4
	ClassDef  goto 5


state 1
	ClassDef : CLASS . IDENTIFIER ExtendsClause '{' FieldList '}'  (12)

	IDENTIFIER  shift 6
	.  error


state 2
	ClassDef : SEALED . CLASS IDENTIFIER ExtendsClause '{' FieldList '}'  (13)

	CLASS  shift 7
	.  error


state 3
	$accept : Program . $end  (0)

	$end  accept


state 4
	Program : ClassList .  (1)
	ClassList : ClassList . ClassDef  (2)

	CLASS  shift 1
	SEALED  shift 2
	$end  reduce 1

	ClassDef  goto 8


state 5
	ClassList : ClassDef .  (3)

	.  reduce 3


state 6
	ClassDef : CLASS IDENTIFIER . ExtendsClause '{' FieldList '}'  (12)
	ExtendsClause : .  (15)

	EXTENDS  shift 9
	'{'  reduce 15

	ExtendsClause  goto 10


state 7
	ClassDef : SEALED CLASS . IDENTIFIER ExtendsClause '{' FieldList '}'  (13)

	IDENTIFIER  shift 11
	.  error


state 8
	ClassList : ClassList ClassDef .  (2)

	.  reduce 2


state 9
	ExtendsClause : EXTENDS . IDENTIFIER  (14)

	IDENTIFIER  shift 12
	.  error


state 10
	ClassDef : CLASS IDENTIFIER ExtendsClause . '{' FieldList '}'  (12)

	'{'  shift 13
	.  error


state 11
	ClassDef : SEALED CLASS IDENTIFIER . ExtendsClause '{' FieldList '}'  (13)
	ExtendsClause : .  (15)

	EXTENDS  shift 9
	'{'  reduce 15

	ExtendsClause  goto 14


state 12
	ExtendsClause : EXTENDS IDENTIFIER .  (14)

	.  reduce 14


state 13
	ClassDef : CLASS IDENTIFIER ExtendsClause '{' . FieldList '}'  (12)
	FieldList : .  (18)

	.  reduce 18

	FieldList  goto 15


state 14
	ClassDef : SEALED CLASS IDENTIFIER ExtendsClause . '{' FieldList '}'  (13)

	'{'  shift 16
	.  error


state 15
	ClassDef : CLASS IDENTIFIER ExtendsClause '{' FieldList . '}'  (12)
	FieldList : FieldList . VariableDef  (16)
	FieldList : FieldList . FunctionDef  (17)

	VOID  shift 17
	BOOL  shift 18
	INT  shift 19
	STRING  shift 20
	CLASS  shift 21
	STATIC  shift 22
	'}'  shift 23
	.  error

	VariableDef  goto 24
	Variable  goto 25
	Type  goto 26
	FunctionDef  goto 27


state 16
	ClassDef : SEALED CLASS IDENTIFIER ExtendsClause '{' . FieldList '}'  (13)
	FieldList : .  (18)

	.  reduce 18

	FieldList  goto 28


state 17
	Type : VOID .  (7)

	.  reduce 7


state 18
	Type : BOOL .  (8)

	.  reduce 8


state 19
	Type : INT .  (6)

	.  reduce 6


state 20
	Type : STRING .  (9)

	.  reduce 9


state 21
	Type : CLASS . IDENTIFIER  (10)

	IDENTIFIER  shift 29
	.  error


state 22
	FunctionDef : STATIC . Type IDENTIFIER '(' Formals ')' StmtBlock  (23)

	VOID  shift 17
	BOOL  shift 18
	INT  shift 19
	STRING  shift 20
	CLASS  shift 21
	.  error

	Type  goto 30


state 23
	ClassDef : CLASS IDENTIFIER ExtendsClause '{' FieldList '}' .  (12)

	.  reduce 12


state 24
	FieldList : FieldList VariableDef .  (16)

	.  reduce 16


state 25
	VariableDef : Variable . ';'  (4)

	';'  shift 31
	.  error


state 26
	Variable : Type . IDENTIFIER  (5)
	Type : Type . '[' ']'  (11)
	FunctionDef : Type . IDENTIFIER '(' Formals ')' StmtBlock  (24)

	IDENTIFIER  shift 32
	'['  shift 33
	.  error


state 27
	FieldList : FieldList FunctionDef .  (17)

	.  reduce 17


state 28
	ClassDef : SEALED CLASS IDENTIFIER ExtendsClause '{' FieldList . '}'  (13)
	FieldList : FieldList . VariableDef  (16)
	FieldList : FieldList . FunctionDef  (17)

	VOID  shift 17
	BOOL  shift 18
	INT  shift 19
	STRING  shift 20
	CLASS  shift 21
	STATIC  shift 22
	'}'  shift 34
	.  error

	VariableDef  goto 24
	Variable  goto 25
	Type  goto 26
	FunctionDef  goto 27


state 29
	Type : CLASS IDENTIFIER .  (10)

	.  reduce 10


state 30
	Type : Type . '[' ']'  (11)
	FunctionDef : STATIC Type . IDENTIFIER '(' Formals ')' StmtBlock  (23)

	IDENTIFIER  shift 35
	'['  shift 33
	.  error


state 31
	VariableDef : Variable ';' .  (4)

	.  reduce 4


state 32
	Variable : Type IDENTIFIER .  (5)
	FunctionDef : Type IDENTIFIER . '(' Formals ')' StmtBlock  (24)

	'('  shift 36
	';'  reduce 5


state 33
	Type : Type '[' . ']'  (11)

	']'  shift 37
	.  error


state 34
	ClassDef : SEALED CLASS IDENTIFIER ExtendsClause '{' FieldList '}' .  (13)

	.  reduce 13


state 35
	FunctionDef : STATIC Type IDENTIFIER . '(' Formals ')' StmtBlock  (23)

	'('  shift 38
	.  error


state 36
	FunctionDef : Type IDENTIFIER '(' . Formals ')' StmtBlock  (24)
	Formals : .  (20)

	VOID  shift 17
	BOOL  shift 18
	INT  shift 19
	STRING  shift 20
	CLASS  shift 21
	')'  reduce 20

	Variable  goto 39
	Type  goto 40
	Formals  goto 41
	VariableList  goto 42


state 37
	Type : Type '[' ']' .  (11)

	.  reduce 11


state 38
	FunctionDef : STATIC Type IDENTIFIER '(' . Formals ')' StmtBlock  (23)
	Formals : .  (20)

	VOID  shift 17
	BOOL  shift 18
	INT  shift 19
	STRING  shift 20
	CLASS  shift 21
	')'  reduce 20

	Variable  goto 39
	Type  goto 40
	Formals  goto 43
	VariableList  goto 42


state 39
	VariableList : Variable .  (22)

	.  reduce 22


state 40
	Variable : Type . IDENTIFIER  (5)
	Type : Type . '[' ']'  (11)

	IDENTIFIER  shift 44
	'['  shift 33
	.  error


state 41
	FunctionDef : Type IDENTIFIER '(' Formals . ')' StmtBlock  (24)

	')'  shift 45
	.  error


state 42
	Formals : VariableList .  (19)
	VariableList : VariableList . ',' Variable  (21)

	','  shift 46
	')'  reduce 19


state 43
	FunctionDef : STATIC Type IDENTIFIER '(' Formals . ')' StmtBlock  (23)

	')'  shift 47
	.  error


state 44
	Variable : Type IDENTIFIER .  (5)

	.  reduce 5


state 45
	FunctionDef : Type IDENTIFIER '(' Formals ')' . StmtBlock  (24)

	'{'  shift 48
	.  error

	StmtBlock  goto 49


state 46
	VariableList : VariableList ',' . Variable  (21)

	VOID  shift 17
	BOOL  shift 18
	INT  shift 19
	STRING  shift 20
	CLASS  shift 21
	.  error

	Variable  goto 50
	Type  goto 40


state 47
	FunctionDef : STATIC Type IDENTIFIER '(' Formals ')' . StmtBlock  (23)

	'{'  shift 48
	.  error

	StmtBlock  goto 51


state 48
	StmtBlock : '{' . StmtList '}'  (25)
	StmtList : .  (27)

	.  reduce 27

	StmtList  goto 52


state 49
	FunctionDef : Type IDENTIFIER '(' Formals ')' StmtBlock .  (24)

	.  reduce 24


state 50
	VariableList : VariableList ',' Variable .  (21)

	.  reduce 21


state 51
	FunctionDef : STATIC Type IDENTIFIER '(' Formals ')' StmtBlock .  (23)

	.  reduce 23


state 52
	StmtBlock : '{' StmtList . '}'  (25)
	StmtList : StmtList . Stmt  (26)
	SimpleStmt : .  (42)
	Receiver : .  (55)

	VOID  shift 17
	BOOL  shift 18
	INT  shift 19
	STRING  shift 20
	CLASS  shift 21
	NULL  shift 53
	THIS  shift 54
	WHILE  shift 55
	FOR  shift 56
	SCOPY  shift 57
	FOREACH  shift 58
	VAR  shift 59
	IF  shift 60
	RETURN  shift 61
	BREAK  shift 62
	NEW  shift 63
	PRINT  shift 64
	READ_INTEGER  shift 65
	READ_LINE  shift 66
	LITERAL  shift 67
	INSTANCEOF  shift 68
	'-'  shift 69
	'!'  shift 70
	'('  shift 71
	'['  shift 72
	'{'  shift 48
	'}'  shift 73
	IDENTIFIER  reduce 55
	';'  reduce 42

	VariableDef  goto 74
	Variable  goto 25
	Type  goto 40
	StmtBlock  goto 75
	Stmt  goto 76
	SimpleStmt  goto 77
	IfStmt  goto 78
	WhileStmt  goto 79
	ForStmt  goto 80
	ReturnStmt  goto 81
	PrintStmt  goto 82
	BreakStmt  goto 83
	OCStmt  goto 84
	GuardedStmt  goto 85
	ForeachStmt  goto 86
	LValue  goto 87
	Expr  goto 88
	Call  goto 89
	Receiver  goto 90
	Constant  goto 91


state 53
	Constant : NULL .  (94)

	.  reduce 94


state 54
	Expr : THIS .  (81)

	.  reduce 81


state 55
	WhileStmt : WHILE . '(' Expr ')' Stmt  (103)

	'('  shift 92
	.  error


state 56
	ForStmt : FOR . '(' SimpleStmt ';' Expr ';' SimpleStmt ')' Stmt  (104)

	'('  shift 93
	.  error


state 57
	OCStmt : SCOPY . '(' IDENTIFIER ',' Expr ')'  (43)

	'('  shift 94
	.  error


state 58
	ForeachStmt : FOREACH . '(' BoundVariable IN Expr WhileClause ')' Stmt  (51)

	'('  shift 95
	.  error


state 59
	LValue : VAR . IDENTIFIER  (58)

	IDENTIFIER  shift 96
	.  error


state 60
	GuardedStmt : IF . '{' GuardedElement '}'  (44)
	IfStmt : IF . '(' Expr ')' Stmt ElseClause  (106)

	'('  shift 97
	'{'  shift 98
	.  error


state 61
	ReturnStmt : RETURN . Expr  (109)
	ReturnStmt : RETURN .  (110)
	Receiver : .  (55)

	NULL  shift 53
	THIS  shift 54
	VAR  shift 59
	NEW  shift 63
	READ_INTEGER  shift 65
	READ_LINE  shift 66
	LITERAL  shift 67
	INSTANCEOF  shift 68
	'-'  shift 69
	'!'  shift 70
	'('  shift 71
	'['  shift 72
	IDENTIFIER  reduce 55
	';'  reduce 110

	LValue  goto 99
	Expr  goto 100
	Call  goto 101
	Receiver  goto 90
	Constant  goto 91


state 62
	BreakStmt : BREAK .  (105)

	.  reduce 105


state 63
	Expr : NEW . IDENTIFIER '(' ')'  (82)
	Expr : NEW . Type '[' Expr ']'  (83)

	VOID  shift 17
	BOOL  shift 18
	INT  shift 19
	STRING  shift 20
	CLASS  shift 21
	IDENTIFIER  shift 102
	.  error

	Type  goto 103


state 64
	PrintStmt : PRINT . '(' ExprList ')'  (111)

	'('  shift 104
	.  error


state 65
	Expr : READ_INTEGER . '(' ')'  (79)

	'('  shift 105
	.  error


state 66
	Expr : READ_LINE . '(' ')'  (80)

	'('  shift 106
	.  error


state 67
	Constant : LITERAL .  (93)

	.  reduce 93


state 68
	Expr : INSTANCEOF . '(' Expr ',' IDENTIFIER ')'  (84)

	'('  shift 107
	.  error


state 69
	Expr : '-' . Expr  (77)
	Receiver : .  (55)

	NULL  shift 53
	THIS  shift 54
	VAR  shift 59
	NEW  shift 63
	READ_INTEGER  shift 65
	READ_LINE  shift 66
	LITERAL  shift 67
	INSTANCEOF  shift 68
	'-'  shift 69
	'!'  shift 70
	'('  shift 71
	'['  shift 72
	IDENTIFIER  reduce 55

	LValue  goto 99
	Expr  goto 108
	Call  goto 101
	Receiver  goto 90
	Constant  goto 91


state 70
	Expr : '!' . Expr  (78)
	Receiver : .  (55)

	NULL  shift 53
	THIS  shift 54
	VAR  shift 59
	NEW  shift 63
	READ_INTEGER  shift 65
	READ_LINE  shift 66
	LITERAL  shift 67
	INSTANCEOF  shift 68
	'-'  shift 69
	'!'  shift 70
	'('  shift 71
	'['  shift 72
	IDENTIFIER  reduce 55

	LValue  goto 99
	Expr  goto 109
	Call  goto 101
	Receiver  goto 90
	Constant  goto 91


state 71
	Expr : '(' . Expr ')'  (76)
	Expr : '(' . CLASS IDENTIFIER ')' Expr  (85)
	Receiver : .  (55)

	CLASS  shift 110
	NULL  shift 53
	THIS  shift 54
	VAR  shift 59
	NEW  shift 63
	READ_INTEGER  shift 65
	READ_LINE  shift 66
	LITERAL  shift 67
	INSTANCEOF  shift 68
	'-'  shift 69
	'!'  shift 70
	'('  shift 71
	'['  shift 72
	IDENTIFIER  reduce 55

	LValue  goto 99
	Expr  goto 111
	Call  goto 101
	Receiver  goto 90
	Constant  goto 91


state 72
	Expr : '[' . Expr FOR IDENTIFIER IN Expr IfClause ']'  (90)
	Constant : '[' . ArrayConstant ']'  (95)
	Receiver : .  (55)
	ArrayConstant : .  (98)

	NULL  shift 53
	THIS  shift 54
	VAR  shift 59
	NEW  shift 63
	READ_INTEGER  shift 65
	READ_LINE  shift 66
	LITERAL  shift 67
	INSTANCEOF  shift 68
	'-'  shift 69
	'!'  shift 70
	'('  shift 71
	'['  shift 72
	IDENTIFIER  reduce 55
	','  reduce 98
	']'  reduce 98

	LValue  goto 99
	Expr  goto 112
	Call  goto 101
	Receiver  goto 90
	Constant  goto 113
	ArrayConstant  goto 114


state 73
	StmtBlock : '{' StmtList '}' .  (25)

	.  reduce 25


state 74
	Stmt : VariableDef .  (28)

	.  reduce 28


state 75
	Stmt : StmtBlock .  (36)

	.  reduce 36


state 76
	StmtList : StmtList Stmt .  (26)

	.  reduce 26


state 77
	Stmt : SimpleStmt . ';'  (29)

	';'  shift 115
	.  error


state 78
	Stmt : IfStmt .  (30)

	.  reduce 30


state 79
	Stmt : WhileStmt .  (31)

	.  reduce 31


state 80
	Stmt : ForStmt .  (32)

	.  reduce 32


state 81
	Stmt : ReturnStmt . ';'  (33)

	';'  shift 116
	.  error


state 82
	Stmt : PrintStmt . ';'  (34)

	';'  shift 117
	.  error


state 83
	Stmt : BreakStmt . ';'  (35)

	';'  shift 118
	.  error


state 84
	Stmt : OCStmt . ';'  (37)

	';'  shift 119
	.  error


state 85
	Stmt : GuardedStmt .  (38)

	.  reduce 38


state 86
	Stmt : ForeachStmt .  (39)

	.  reduce 39


state 87
	SimpleStmt : LValue . '=' Expr  (40)
	Expr : LValue .  (60)

	'='  shift 120
	AND  reduce 60
	OR  reduce 60
	LESS_EQUAL  reduce 60
	GREATER_EQUAL  reduce 60
	EQUAL  reduce 60
	NOT_EQUAL  reduce 60
	ARRAYCOPY  reduce 60
	ARRAYAPPEND  reduce 60
	'+'  reduce 60
	'-'  reduce 60
	'*'  reduce 60
	'/'  reduce 60
	'%'  reduce 60
	'>'  reduce 60
	'<'  reduce 60
	'.'  reduce 60
	'['  reduce 60


state 88
	Receiver : Expr . '.'  (54)
	LValue : Expr . '[' Expr ']'  (57)
	Expr : Expr . '+' Expr  (63)
	Expr : Expr . '-' Expr  (64)
	Expr : Expr . '*' Expr  (65)
	Expr : Expr . '/' Expr  (66)
	Expr : Expr . '%' Expr  (67)
	Expr : Expr . EQUAL Expr  (68)
	Expr : Expr . NOT_EQUAL Expr  (69)
	Expr : Expr . '<' Expr  (70)
	Expr : Expr . '>' Expr  (71)
	Expr : Expr . LESS_EQUAL Expr  (72)
	Expr : Expr . GREATER_EQUAL Expr  (73)
	Expr : Expr . AND Expr  (74)
	Expr : Expr . OR Expr  (75)
	Expr : Expr . ARRAYCOPY Expr  (86)
	Expr : Expr . ARRAYAPPEND Expr  (87)
	Expr : Expr . '[' Expr ':' Expr ']'  (88)
	Expr : Expr . '[' Expr ']' DEFAULT Expr  (89)

	AND  shift 121
	OR  shift 122
	LESS_EQUAL  shift 123
	GREATER_EQUAL  shift 124
	EQUAL  shift 125
	NOT_EQUAL  shift 126
	ARRAYCOPY  shift 127
	ARRAYAPPEND  shift 128
	'+'  shift 129
	'-'  shift 130
	'*'  shift 131
	'/'  shift 132
	'%'  shift 133
	'>'  shift 134
	'<'  shift 135
	'.'  shift 136
	'['  shift 137
	.  error


state 89
	SimpleStmt : Call .  (41)
	Expr : Call .  (61)

	AND  reduce 61
	OR  reduce 61
	LESS_EQUAL  reduce 61
	GREATER_EQUAL  reduce 61
	EQUAL  reduce 61
	NOT_EQUAL  reduce 61
	ARRAYCOPY  reduce 61
	ARRAYAPPEND  reduce 61
	'+'  reduce 61
	'-'  reduce 61
	'*'  reduce 61
	'/'  reduce 61
	'%'  reduce 61
	'>'  reduce 61
	'<'  reduce 61
	'.'  reduce 61
	';'  reduce 41
	')'  reduce 41
	'['  reduce 61


state 90
	LValue : Receiver . IDENTIFIER  (56)
	Call : Receiver . IDENTIFIER '(' Actuals ')'  (59)

	IDENTIFIER  shift 138
	.  error


state 91
	Expr : Constant .  (62)

	.  reduce 62


state 92
	WhileStmt : WHILE '(' . Expr ')' Stmt  (103)
	Receiver : .  (55)

	NULL  shift 53
	THIS  shift 54
	VAR  shift 59
	NEW  shift 63
	READ_INTEGER  shift 65
	READ_LINE  shift 66
	LITERAL  shift 67
	INSTANCEOF  shift 68
	'-'  shift 69
	'!'  shift 70
	'('  shift 71
	'['  shift 72
	IDENTIFIER  reduce 55

	LValue  goto 99
	Expr  goto 139
	Call  goto 101
	Receiver  goto 90
	Constant  goto 91


state 93
	ForStmt : FOR '(' . SimpleStmt ';' Expr ';' SimpleStmt ')' Stmt  (104)
	SimpleStmt : .  (42)
	Receiver : .  (55)

	NULL  shift 53
	THIS  shift 54
	VAR  shift 59
	NEW  shift 63
	READ_INTEGER  shift 65
	READ_LINE  shift 66
	LITERAL  shift 67
	INSTANCEOF  shift 68
	'-'  shift 69
	'!'  shift 70
	'('  shift 71
	'['  shift 72
	IDENTIFIER  reduce 55
	';'  reduce 42

	SimpleStmt  goto 140
	LValue  goto 87
	Expr  goto 88
	Call  goto 89
	Receiver  goto 90
	Constant  goto 91


state 94
	OCStmt : SCOPY '(' . IDENTIFIER ',' Expr ')'  (43)

	IDENTIFIER  shift 141
	.  error


state 95
	ForeachStmt : FOREACH '(' . BoundVariable IN Expr WhileClause ')' Stmt  (51)

	VOID  shift 17
	BOOL  shift 18
	INT  shift 19
	STRING  shift 20
	CLASS  shift 21
	VAR  shift 142
	.  error

	Type  goto 143
	BoundVariable  goto 144


state 96
	LValue : VAR IDENTIFIER .  (58)

	.  reduce 58


state 97
	IfStmt : IF '(' . Expr ')' Stmt ElseClause  (106)
	Receiver : .  (55)

	NULL  shift 53
	THIS  shift 54
	VAR  shift 59
	NEW  shift 63
	READ_INTEGER  shift 65
	READ_LINE  shift 66
	LITERAL  shift 67
	INSTANCEOF  shift 68
	'-'  shift 69
	'!'  shift 70
	'('  shift 71
	'['  shift 72
	IDENTIFIER  reduce 55

	LValue  goto 99
	Expr  goto 145
	Call  goto 101
	Receiver  goto 90
	Constant  goto 91


state 98
	GuardedStmt : IF '{' . GuardedElement '}'  (44)
	GuardedElement : .  (47)
	Receiver : .  (55)

	NULL  shift 53
	THIS  shift 54
	VAR  shift 59
	NEW  shift 63
	READ_INTEGER  shift 65
	READ_LINE  shift 66
	LITERAL  shift 67
	INSTANCEOF  shift 68
	'-'  shift 69
	'!'  shift 70
	'('  shift 71
	'['  shift 72
	IDENTIFIER  reduce 55
	PARGUARD  reduce 47
	'}'  reduce 47

	LValue  goto 99
	Expr  goto 146
	Call  goto 101
	GuardedElement  goto 147
	Guard  goto 148
	Receiver  goto 90
	Constant  goto 91


state 99
	Expr : LValue .  (60)

	.  reduce 60


state 100
	Receiver : Expr . '.'  (54)
	LValue : Expr . '[' Expr ']'  (57)
	Expr : Expr . '+' Expr  (63)
	Expr : Expr . '-' Expr  (64)
	Expr : Expr . '*' Expr  (65)
	Expr : Expr . '/' Expr  (66)
	Expr : Expr . '%' Expr  (67)
	Expr : Expr . EQUAL Expr  (68)
	Expr : Expr . NOT_EQUAL Expr  (69)
	Expr : Expr . '<' Expr  (70)
	Expr : Expr . '>' Expr  (71)
	Expr : Expr . LESS_EQUAL Expr  (72)
	Expr : Expr . GREATER_EQUAL Expr  (73)
	Expr : Expr . AND Expr  (74)
	Expr : Expr . OR Expr  (75)
	Expr : Expr . ARRAYCOPY Expr  (86)
	Expr : Expr . ARRAYAPPEND Expr  (87)
	Expr : Expr . '[' Expr ':' Expr ']'  (88)
	Expr : Expr . '[' Expr ']' DEFAULT Expr  (89)
	ReturnStmt : RETURN Expr .  (109)

	AND  shift 121
	OR  shift 122
	LESS_EQUAL  shift 123
	GREATER_EQUAL  shift 124
	EQUAL  shift 125
	NOT_EQUAL  shift 126
	ARRAYCOPY  shift 127
	ARRAYAPPEND  shift 128
	'+'  shift 129
	'-'  shift 130
	'*'  shift 131
	'/'  shift 132
	'%'  shift 133
	'>'  shift 134
	'<'  shift 135
	'.'  shift 136
	'['  shift 137
	';'  reduce 109


state 101
	Expr : Call .  (61)

	.  reduce 61


state 102
	Expr : NEW IDENTIFIER . '(' ')'  (82)

	'('  shift 149
	.  error


state 103
	Type : Type . '[' ']'  (11)
	Expr : NEW Type . '[' Expr ']'  (83)

	'['  shift 150
	.  error


state 104
	PrintStmt : PRINT '(' . ExprList ')'  (111)
	Receiver : .  (55)

	NULL  shift 53
	THIS  shift 54
	VAR  shift 59
	NEW  shift 63
	READ_INTEGER  shift 65
	READ_LINE  shift 66
	LITERAL  shift 67
	INSTANCEOF  shift 68
	'-'  shift 69
	'!'  shift 70
	'('  shift 71
	'['  shift 72
	IDENTIFIER  reduce 55

	LValue  goto 99
	Expr  goto 151
	Call  goto 101
	Receiver  goto 90
	Constant  goto 91
	ExprList  goto 152


state 105
	Expr : READ_INTEGER '(' . ')'  (79)

	')'  shift 153
	.  error


state 106
	Expr : READ_LINE '(' . ')'  (80)

	')'  shift 154
	.  error


state 107
	Expr : INSTANCEOF '(' . Expr ',' IDENTIFIER ')'  (84)
	Receiver : .  (55)

	NULL  shift 53
	THIS  shift 54
	VAR  shift 59
	NEW  shift 63
	READ_INTEGER  shift 65
	READ_LINE  shift 66
	LITERAL  shift 67
	INSTANCEOF  shift 68
	'-'  shift 69
	'!'  shift 70
	'('  shift 71
	'['  shift 72
	IDENTIFIER  reduce 55

	LValue  goto 99
	Expr  goto 155
	Call  goto 101
	Receiver  goto 90
	Constant  goto 91


state 108
	Receiver : Expr . '.'  (54)
	LValue : Expr . '[' Expr ']'  (57)
	Expr : Expr . '+' Expr  (63)
	Expr : Expr . '-' Expr  (64)
	Expr : Expr . '*' Expr  (65)
	Expr : Expr . '/' Expr  (66)
	Expr : Expr . '%' Expr  (67)
	Expr : Expr . EQUAL Expr  (68)
	Expr : Expr . NOT_EQUAL Expr  (69)
	Expr : Expr . '<' Expr  (70)
	Expr : Expr . '>' Expr  (71)
	Expr : Expr . LESS_EQUAL Expr  (72)
	Expr : Expr . GREATER_EQUAL Expr  (73)
	Expr : Expr . AND Expr  (74)
	Expr : Expr . OR Expr  (75)
	Expr : '-' Expr .  (77)
	Expr : Expr . ARRAYCOPY Expr  (86)
	Expr : Expr . ARRAYAPPEND Expr  (87)
	Expr : Expr . '[' Expr ':' Expr ']'  (88)
	Expr : Expr . '[' Expr ']' DEFAULT Expr  (89)

	'.'  shift 136
	'['  shift 137
	WHILE  reduce 77
	FOR  reduce 77
	IF  reduce 77
	AND  reduce 77
	OR  reduce 77
	LESS_EQUAL  reduce 77
	GREATER_EQUAL  reduce 77
	EQUAL  reduce 77
	NOT_EQUAL  reduce 77
	ARRAYCOPY  reduce 77
	ARRAYAPPEND  reduce 77
	'+'  reduce 77
	'-'  reduce 77
	'*'  reduce 77
	'/'  reduce 77
	'%'  reduce 77
	'>'  reduce 77
	'<'  reduce 77
	','  reduce 77
	';'  reduce 77
	')'  reduce 77
	']'  reduce 77
	':'  reduce 77


state 109
	Receiver : Expr . '.'  (54)
	LValue : Expr . '[' Expr ']'  (57)
	Expr : Expr . '+' Expr  (63)
	Expr : Expr . '-' Expr  (64)
	Expr : Expr . '*' Expr  (65)
	Expr : Expr . '/' Expr  (66)
	Expr : Expr . '%' Expr  (67)
	Expr : Expr . EQUAL Expr  (68)
	Expr : Expr . NOT_EQUAL Expr  (69)
	Expr : Expr . '<' Expr  (70)
	Expr : Expr . '>' Expr  (71)
	Expr : Expr . LESS_EQUAL Expr  (72)
	Expr : Expr . GREATER_EQUAL Expr  (73)
	Expr : Expr . AND Expr  (74)
	Expr : Expr . OR Expr  (75)
	Expr : '!' Expr .  (78)
	Expr : Expr . ARRAYCOPY Expr  (86)
	Expr : Expr . ARRAYAPPEND Expr  (87)
	Expr : Expr . '[' Expr ':' Expr ']'  (88)
	Expr : Expr . '[' Expr ']' DEFAULT Expr  (89)

	'.'  shift 136
	'['  shift 137
	WHILE  reduce 78
	FOR  reduce 78
	IF  reduce 78
	AND  reduce 78
	OR  reduce 78
	LESS_EQUAL  reduce 78
	GREATER_EQUAL  reduce 78
	EQUAL  reduce 78
	NOT_EQUAL  reduce 78
	ARRAYCOPY  reduce 78
	ARRAYAPPEND  reduce 78
	'+'  reduce 78
	'-'  reduce 78
	'*'  reduce 78
	'/'  reduce 78
	'%'  reduce 78
	'>'  reduce 78
	'<'  reduce 78
	','  reduce 78
	';'  reduce 78
	')'  reduce 78
	']'  reduce 78
	':'  reduce 78


state 110
	Expr : '(' CLASS . IDENTIFIER ')' Expr  (85)

	IDENTIFIER  shift 156
	.  error


state 111
	Receiver : Expr . '.'  (54)
	LValue : Expr . '[' Expr ']'  (57)
	Expr : Expr . '+' Expr  (63)
	Expr : Expr . '-' Expr  (64)
	Expr : Expr . '*' Expr  (65)
	Expr : Expr . '/' Expr  (66)
	Expr : Expr . '%' Expr  (67)
	Expr : Expr . EQUAL Expr  (68)
	Expr : Expr . NOT_EQUAL Expr  (69)
	Expr : Expr . '<' Expr  (70)
	Expr : Expr . '>' Expr  (71)
	Expr : Expr . LESS_EQUAL Expr  (72)
	Expr : Expr . GREATER_EQUAL Expr  (73)
	Expr : Expr . AND Expr  (74)
	Expr : Expr . OR Expr  (75)
	Expr : '(' Expr . ')'  (76)
	Expr : Expr . ARRAYCOPY Expr  (86)
	Expr : Expr . ARRAYAPPEND Expr  (87)
	Expr : Expr . '[' Expr ':' Expr ']'  (88)
	Expr : Expr . '[' Expr ']' DEFAULT Expr  (89)

	AND  shift 121
	OR  shift 122
	LESS_EQUAL  shift 123
	GREATER_EQUAL  shift 124
	EQUAL  shift 125
	NOT_EQUAL  shift 126
	ARRAYCOPY  shift 127
	ARRAYAPPEND  shift 128
	'+'  shift 129
	'-'  shift 130
	'*'  shift 131
	'/'  shift 132
	'%'  shift 133
	'>'  shift 134
	'<'  shift 135
	'.'  shift 136
	')'  shift 157
	'['  shift 137
	.  error


state 112
	Receiver : Expr . '.'  (54)
	LValue : Expr . '[' Expr ']'  (57)
	Expr : Expr . '+' Expr  (63)
	Expr : Expr . '-' Expr  (64)
	Expr : Expr . '*' Expr  (65)
	Expr : Expr . '/' Expr  (66)
	Expr : Expr . '%' Expr  (67)
	Expr : Expr . EQUAL Expr  (68)
	Expr : Expr . NOT_EQUAL Expr  (69)
	Expr : Expr . '<' Expr  (70)
	Expr : Expr . '>' Expr  (71)
	Expr : Expr . LESS_EQUAL Expr  (72)
	Expr : Expr . GREATER_EQUAL Expr  (73)
	Expr : Expr . AND Expr  (74)
	Expr : Expr . OR Expr  (75)
	Expr : Expr . ARRAYCOPY Expr  (86)
	Expr : Expr . ARRAYAPPEND Expr  (87)
	Expr : Expr . '[' Expr ':' Expr ']'  (88)
	Expr : Expr . '[' Expr ']' DEFAULT Expr  (89)
	Expr : '[' Expr . FOR IDENTIFIER IN Expr IfClause ']'  (90)

	FOR  shift 158
	AND  shift 121
	OR  shift 122
	LESS_EQUAL  shift 123
	GREATER_EQUAL  shift 124
	EQUAL  shift 125
	NOT_EQUAL  shift 126
	ARRAYCOPY  shift 127
	ARRAYAPPEND  shift 128
	'+'  shift 129
	'-'  shift 130
	'*'  shift 131
	'/'  shift 132
	'%'  shift 133
	'>'  shift 134
	'<'  shift 135
	'.'  shift 136
	'['  shift 137
	.  error


state 113
	Expr : Constant .  (62)
	ArrayConstant : Constant .  (96)

	FOR  reduce 62
	AND  reduce 62
	OR  reduce 62
	LESS_EQUAL  reduce 62
	GREATER_EQUAL  reduce 62
	EQUAL  reduce 62
	NOT_EQUAL  reduce 62
	ARRAYCOPY  reduce 62
	ARRAYAPPEND  reduce 62
	'+'  reduce 62
	'-'  reduce 62
	'*'  reduce 62
	'/'  reduce 62
	'%'  reduce 62
	'>'  reduce 62
	'<'  reduce 62
	'.'  reduce 62
	','  reduce 96
	'['  reduce 62
	']'  reduce 96


state 114
	Constant : '[' ArrayConstant . ']'  (95)
	ArrayConstant : ArrayConstant . ',' Constant  (97)

	','  shift 159
	']'  shift 160
	.  error


state 115
	Stmt : SimpleStmt ';' .  (29)

	.  reduce 29


state 116
	Stmt : ReturnStmt ';' .  (33)

	.  reduce 33


state 117
	Stmt : PrintStmt ';' .  (34)

	.  reduce 34


state 118
	Stmt : BreakStmt ';' .  (35)

	.  reduce 35


state 119
	Stmt : OCStmt ';' .  (37)

	.  reduce 37


state 120
	SimpleStmt : LValue '=' . Expr  (40)
	Receiver : .  (55)

	NULL  shift 53
	THIS  shift 54
	VAR  shift 59
	NEW  shift 63
	READ_INTEGER  shift 65
	READ_LINE  shift 66
	LITERAL  shift 67
	INSTANCEOF  shift 68
	'-'  shift 69
	'!'  shift 70
	'('  shift 71
	'['  shift 72
	IDENTIFIER  reduce 55

	LValue  goto 99
	Expr  goto 161
	Call  goto 101
	Receiver  goto 90
	Constant  goto 91


state 121
	Expr : Expr AND . Expr  (74)
	Receiver : .  (55)

	NULL  shift 53
	THIS  shift 54
	VAR  shift 59
	NEW  shift 63
	READ_INTEGER  shift 65
	READ_LINE  shift 66
	LITERAL  shift 67
	INSTANCEOF  shift 68
	'-'  shift 69
	'!'  shift 70
	'('  shift 71
	'['  shift 72
	IDENTIFIER  reduce 55

	LValue  goto 99
	Expr  goto 162
	Call  goto 101
	Receiver  goto 90
	Constant  goto 91


state 122
	Expr : Expr OR . Expr  (75)
	Receiver : .  (55)

	NULL  shift 53
	THIS  shift 54
	VAR  shift 59
	NEW  shift 63
	READ_INTEGER  shift 65
	READ_LINE  shift 66
	LITERAL  shift 67
	INSTANCEOF  shift 68
	'-'  shift 69
	'!'  shift 70
	'('  shift 71
	'['  shift 72
	IDENTIFIER  reduce 55

	LValue  goto 99
	Expr  goto 163
	Call  goto 101
	Receiver  goto 90
	Constant  goto 91


state 123
	Expr : Expr LESS_EQUAL . Expr  (72)
	Receiver : .  (55)

	NULL  shift 53
	THIS  shift 54
	VAR  shift 59
	NEW  shift 63
	READ_INTEGER  shift 65
	READ_LINE  shift 66
	LITERAL  shift 67
	INSTANCEOF  shift 68
	'-'  shift 69
	'!'  shift 70
	'('  shift 71
	'['  shift 72
	IDENTIFIER  reduce 55

	LValue  goto 99
	Expr  goto 164
	Call  goto 101
	Receiver  goto 90
	Constant  goto 91


state 124
	Expr : Expr GREATER_EQUAL . Expr  (73)
	Receiver : .  (55)

	NULL  shift 53
	THIS  shift 54
	VAR  shift 59
	NEW  shift 63
	READ_INTEGER  shift 65
	READ_LINE  shift 66
	LITERAL  shift 67
	INSTANCEOF  shift 68
	'-'  shift 69
	'!'  shift 70
	'('  shift 71
	'['  shift 72
	IDENTIFIER  reduce 55

	LValue  goto 99
	Expr  goto 165
	Call  goto 101
	Receiver  goto 90
	Constant  goto 91


state 125
	Expr : Expr EQUAL . Expr  (68)
	Receiver : .  (55)

	NULL  shift 53
	THIS  shift 54
	VAR  shift 59
	NEW  shift 63
	READ_INTEGER  shift 65
	READ_LINE  shift 66
	LITERAL  shift 67
	INSTANCEOF  shift 68
	'-'  shift 69
	'!'  shift 70
	'('  shift 71
	'['  shift 72
	IDENTIFIER  reduce 55

	LValue  goto 99
	Expr  goto 166
	Call  goto 101
	Receiver  goto 90
	Constant  goto 91


state 126
	Expr : Expr NOT_EQUAL . Expr  (69)
	Receiver : .  (55)

	NULL  shift 53
	THIS  shift 54
	VAR  shift 59
	NEW  shift 63
	READ_INTEGER  shift 65
	READ_LINE  shift 66
	LITERAL  shift 67
	INSTANCEOF  shift 68
	'-'  shift 69
	'!'  shift 70
	'('  shift 71
	'['  shift 72
	IDENTIFIER  reduce 55

	LValue  goto 99
	Expr  goto 167
	Call  goto 101
	Receiver  goto 90
	Constant  goto 91


state 127
	Expr : Expr ARRAYCOPY . Expr  (86)
	Receiver : .  (55)

	NULL  shift 53
	THIS  shift 54
	VAR  shift 59
	NEW  shift 63
	READ_INTEGER  shift 65
	READ_LINE  shift 66
	LITERAL  shift 67
	INSTANCEOF  shift 68
	'-'  shift 69
	'!'  shift 70
	'('  shift 71
	'['  shift 72
	IDENTIFIER  reduce 55

	LValue  goto 99
	Expr  goto 168
	Call  goto 101
	Receiver  goto 90
	Constant  goto 91


state 128
	Expr : Expr ARRAYAPPEND . Expr  (87)
	Receiver : .  (55)

	NULL  shift 53
	THIS  shift 54
	VAR  shift 59
	NEW  shift 63
	READ_INTEGER  shift 65
	READ_LINE  shift 66
	LITERAL  shift 67
	INSTANCEOF  shift 68
	'-'  shift 69
	'!'  shift 70
	'('  shift 71
	'['  shift 72
	IDENTIFIER  reduce 55

	LValue  goto 99
	Expr  goto 169
	Call  goto 101
	Receiver  goto 90
	Constant  goto 91


state 129
	Expr : Expr '+' . Expr  (63)
	Receiver : .  (55)

	NULL  shift 53
	THIS  shift 54
	VAR  shift 59
	NEW  shift 63
	READ_INTEGER  shift 65
	READ_LINE  shift 66
	LITERAL  shift 67
	INSTANCEOF  shift 68
	'-'  shift 69
	'!'  shift 70
	'('  shift 71
	'['  shift 72
	IDENTIFIER  reduce 55

	LValue  goto 99
	Expr  goto 170
	Call  goto 101
	Receiver  goto 90
	Constant  goto 91


state 130
	Expr : Expr '-' . Expr  (64)
	Receiver : .  (55)

	NULL  shift 53
	THIS  shift 54
	VAR  shift 59
	NEW  shift 63
	READ_INTEGER  shift 65
	READ_LINE  shift 66
	LITERAL  shift 67
	INSTANCEOF  shift 68
	'-'  shift 69
	'!'  shift 70
	'('  shift 71
	'['  shift 72
	IDENTIFIER  reduce 55

	LValue  goto 99
	Expr  goto 171
	Call  goto 101
	Receiver  goto 90
	Constant  goto 91


state 131
	Expr : Expr '*' . Expr  (65)
	Receiver : .  (55)

	NULL  shift 53
	THIS  shift 54
	VAR  shift 59
	NEW  shift 63
	READ_INTEGER  shift 65
	READ_LINE  shift 66
	LITERAL  shift 67
	INSTANCEOF  shift 68
	'-'  shift 69
	'!'  shift 70
	'('  shift 71
	'['  shift 72
	IDENTIFIER  reduce 55

	LValue  goto 99
	Expr  goto 172
	Call  goto 101
	Receiver  goto 90
	Constant  goto 91


state 132
	Expr : Expr '/' . Expr  (66)
	Receiver : .  (55)

	NULL  shift 53
	THIS  shift 54
	VAR  shift 59
	NEW  shift 63
	READ_INTEGER  shift 65
	READ_LINE  shift 66
	LITERAL  shift 67
	INSTANCEOF  shift 68
	'-'  shift 69
	'!'  shift 70
	'('  shift 71
	'['  shift 72
	IDENTIFIER  reduce 55

	LValue  goto 99
	Expr  goto 173
	Call  goto 101
	Receiver  goto 90
	Constant  goto 91


state 133
	Expr : Expr '%' . Expr  (67)
	Receiver : .  (55)

	NULL  shift 53
	THIS  shift 54
	VAR  shift 59
	NEW  shift 63
	READ_INTEGER  shift 65
	READ_LINE  shift 66
	LITERAL  shift 67
	INSTANCEOF  shift 68
	'-'  shift 69
	'!'  shift 70
	'('  shift 71
	'['  shift 72
	IDENTIFIER  reduce 55

	LValue  goto 99
	Expr  goto 174
	Call  goto 101
	Receiver  goto 90
	Constant  goto 91


state 134
	Expr : Expr '>' . Expr  (71)
	Receiver : .  (55)

	NULL  shift 53
	THIS  shift 54
	VAR  shift 59
	NEW  shift 63
	READ_INTEGER  shift 65
	READ_LINE  shift 66
	LITERAL  shift 67
	INSTANCEOF  shift 68
	'-'  shift 69
	'!'  shift 70
	'('  shift 71
	'['  shift 72
	IDENTIFIER  reduce 55

	LValue  goto 99
	Expr  goto 175
	Call  goto 101
	Receiver  goto 90
	Constant  goto 91


state 135
	Expr : Expr '<' . Expr  (70)
	Receiver : .  (55)

	NULL  shift 53
	THIS  shift 54
	VAR  shift 59
	NEW  shift 63
	READ_INTEGER  shift 65
	READ_LINE  shift 66
	LITERAL  shift 67
	INSTANCEOF  shift 68
	'-'  shift 69
	'!'  shift 70
	'('  shift 71
	'['  shift 72
	IDENTIFIER  reduce 55

	LValue  goto 99
	Expr  goto 176
	Call  goto 101
	Receiver  goto 90
	Constant  goto 91


state 136
	Receiver : Expr '.' .  (54)

	.  reduce 54


state 137
	LValue : Expr '[' . Expr ']'  (57)
	Expr : Expr '[' . Expr ':' Expr ']'  (88)
	Expr : Expr '[' . Expr ']' DEFAULT Expr  (89)
	Receiver : .  (55)

	NULL  shift 53
	THIS  shift 54
	VAR  shift 59
	NEW  shift 63
	READ_INTEGER  shift 65
	READ_LINE  shift 66
	LITERAL  shift 67
	INSTANCEOF  shift 68
	'-'  shift 69
	'!'  shift 70
	'('  shift 71
	'['  shift 72
	IDENTIFIER  reduce 55

	LValue  goto 99
	Expr  goto 177
	Call  goto 101
	Receiver  goto 90
	Constant  goto 91


state 138
	LValue : Receiver IDENTIFIER .  (56)
	Call : Receiver IDENTIFIER . '(' Actuals ')'  (59)

	'('  shift 178
	WHILE  reduce 56
	FOR  reduce 56
	IF  reduce 56
	AND  reduce 56
	OR  reduce 56
	LESS_EQUAL  reduce 56
	GREATER_EQUAL  reduce 56
	EQUAL  reduce 56
	NOT_EQUAL  reduce 56
	ARRAYCOPY  reduce 56
	ARRAYAPPEND  reduce 56
	'+'  reduce 56
	'-'  reduce 56
	'*'  reduce 56
	'/'  reduce 56
	'%'  reduce 56
	'='  reduce 56
	'>'  reduce 56
	'<'  reduce 56
	'.'  reduce 56
	','  reduce 56
	';'  reduce 56
	')'  reduce 56
	'['  reduce 56
	']'  reduce 56
	':'  reduce 56


state 139
	Receiver : Expr . '.'  (54)
	LValue : Expr . '[' Expr ']'  (57)
	Expr : Expr . '+' Expr  (63)
	Expr : Expr . '-' Expr  (64)
	Expr : Expr . '*' Expr  (65)
	Expr : Expr . '/' Expr  (66)
	Expr : Expr . '%' Expr  (67)
	Expr : Expr . EQUAL Expr  (68)
	Expr : Expr . NOT_EQUAL Expr  (69)
	Expr : Expr . '<' Expr  (70)
	Expr : Expr . '>' Expr  (71)
	Expr : Expr . LESS_EQUAL Expr  (72)
	Expr : Expr . GREATER_EQUAL Expr  (73)
	Expr : Expr . AND Expr  (74)
	Expr : Expr . OR Expr  (75)
	Expr : Expr . ARRAYCOPY Expr  (86)
	Expr : Expr . ARRAYAPPEND Expr  (87)
	Expr : Expr . '[' Expr ':' Expr ']'  (88)
	Expr : Expr . '[' Expr ']' DEFAULT Expr  (89)
	WhileStmt : WHILE '(' Expr . ')' Stmt  (103)

	AND  shift 121
	OR  shift 122
	LESS_EQUAL  shift 123
	GREATER_EQUAL  shift 124
	EQUAL  shift 125
	NOT_EQUAL  shift 126
	ARRAYCOPY  shift 127
	ARRAYAPPEND  shift 128
	'+'  shift 129
	'-'  shift 130
	'*'  shift 131
	'/'  shift 132
	'%'  shift 133
	'>'  shift 134
	'<'  shift 135
	'.'  shift 136
	')'  shift 179
	'['  shift 137
	.  error


state 140
	ForStmt : FOR '(' SimpleStmt . ';' Expr ';' SimpleStmt ')' Stmt  (104)

	';'  shift 180
	.  error


state 141
	OCStmt : SCOPY '(' IDENTIFIER . ',' Expr ')'  (43)

	','  shift 181
	.  error


state 142
	BoundVariable : VAR . IDENTIFIER  (50)

	IDENTIFIER  shift 182
	.  error


state 143
	Type : Type . '[' ']'  (11)
	BoundVariable : Type . IDENTIFIER  (49)

	IDENTIFIER  shift 183
	'['  shift 33
	.  error


state 144
	ForeachStmt : FOREACH '(' BoundVariable . IN Expr WhileClause ')' Stmt  (51)

	IN  shift 184
	.  error


state 145
	Receiver : Expr . '.'  (54)
	LValue : Expr . '[' Expr ']'  (57)
	Expr : Expr . '+' Expr  (63)
	Expr : Expr . '-' Expr  (64)
	Expr : Expr . '*' Expr  (65)
	Expr : Expr . '/' Expr  (66)
	Expr : Expr . '%' Expr  (67)
	Expr : Expr . EQUAL Expr  (68)
	Expr : Expr . NOT_EQUAL Expr  (69)
	Expr : Expr . '<' Expr  (70)
	Expr : Expr . '>' Expr  (71)
	Expr : Expr . LESS_EQUAL Expr  (72)
	Expr : Expr . GREATER_EQUAL Expr  (73)
	Expr : Expr . AND Expr  (74)
	Expr : Expr . OR Expr  (75)
	Expr : Expr . ARRAYCOPY Expr  (86)
	Expr : Expr . ARRAYAPPEND Expr  (87)
	Expr : Expr . '[' Expr ':' Expr ']'  (88)
	Expr : Expr . '[' Expr ']' DEFAULT Expr  (89)
	IfStmt : IF '(' Expr . ')' Stmt ElseClause  (106)

	AND  shift 121
	OR  shift 122
	LESS_EQUAL  shift 123
	GREATER_EQUAL  shift 124
	EQUAL  shift 125
	NOT_EQUAL  shift 126
	ARRAYCOPY  shift 127
	ARRAYAPPEND  shift 128
	'+'  shift 129
	'-'  shift 130
	'*'  shift 131
	'/'  shift 132
	'%'  shift 133
	'>'  shift 134
	'<'  shift 135
	'.'  shift 136
	')'  shift 185
	'['  shift 137
	.  error


state 146
	Guard : Expr . ':' Stmt  (48)
	Receiver : Expr . '.'  (54)
	LValue : Expr . '[' Expr ']'  (57)
	Expr : Expr . '+' Expr  (63)
	Expr : Expr . '-' Expr  (64)
	Expr : Expr . '*' Expr  (65)
	Expr : Expr . '/' Expr  (66)
	Expr : Expr . '%' Expr  (67)
	Expr : Expr . EQUAL Expr  (68)
	Expr : Expr . NOT_EQUAL Expr  (69)
	Expr : Expr . '<' Expr  (70)
	Expr : Expr . '>' Expr  (71)
	Expr : Expr . LESS_EQUAL Expr  (72)
	Expr : Expr . GREATER_EQUAL Expr  (73)
	Expr : Expr . AND Expr  (74)
	Expr : Expr . OR Expr  (75)
	Expr : Expr . ARRAYCOPY Expr  (86)
	Expr : Expr . ARRAYAPPEND Expr  (87)
	Expr : Expr . '[' Expr ':' Expr ']'  (88)
	Expr : Expr . '[' Expr ']' DEFAULT Expr  (89)

	AND  shift 121
	OR  shift 122
	LESS_EQUAL  shift 123
	GREATER_EQUAL  shift 124
	EQUAL  shift 125
	NOT_EQUAL  shift 126
	ARRAYCOPY  shift 127
	ARRAYAPPEND  shift 128
	'+'  shift 129
	'-'  shift 130
	'*'  shift 131
	'/'  shift 132
	'%'  shift 133
	'>'  shift 134
	'<'  shift 135
	'.'  shift 136
	'['  shift 137
	':'  shift 186
	.  error


state 147
	GuardedStmt : IF '{' GuardedElement . '}'  (44)
	GuardedElement : GuardedElement . PARGUARD Guard  (46)

	PARGUARD  shift 187
	'}'  shift 188
	.  error


state 148
	GuardedElement : Guard .  (45)

	.  reduce 45


state 149
	Expr : NEW IDENTIFIER '(' . ')'  (82)

	')'  shift 189
	.  error


state 150
	Type : Type '[' . ']'  (11)
	Expr : NEW Type '[' . Expr ']'  (83)
	Receiver : .  (55)

	NULL  shift 53
	THIS  shift 54
	VAR  shift 59
	NEW  shift 63
	READ_INTEGER  shift 65
	READ_LINE  shift 66
	LITERAL  shift 67
	INSTANCEOF  shift 68
	'-'  shift 69
	'!'  shift 70
	'('  shift 71
	'['  shift 72
	']'  shift 37
	IDENTIFIER  reduce 55

	LValue  goto 99
	Expr  goto 190
	Call  goto 101
	Receiver  goto 90
	Constant  goto 91


state 151
	Receiver : Expr . '.'  (54)
	LValue : Expr . '[' Expr ']'  (57)
	Expr : Expr . '+' Expr  (63)
	Expr : Expr . '-' Expr  (64)
	Expr : Expr . '*' Expr  (65)
	Expr : Expr . '/' Expr  (66)
	Expr : Expr . '%' Expr  (67)
	Expr : Expr . EQUAL Expr  (68)
	Expr : Expr . NOT_EQUAL Expr  (69)
	Expr : Expr . '<' Expr  (70)
	Expr : Expr . '>' Expr  (71)
	Expr : Expr . LESS_EQUAL Expr  (72)
	Expr : Expr . GREATER_EQUAL Expr  (73)
	Expr : Expr . AND Expr  (74)
	Expr : Expr . OR Expr  (75)
	Expr : Expr . ARRAYCOPY Expr  (86)
	Expr : Expr . ARRAYAPPEND Expr  (87)
	Expr : Expr . '[' Expr ':' Expr ']'  (88)
	Expr : Expr . '[' Expr ']' DEFAULT Expr  (89)
	ExprList : Expr .  (102)

	AND  shift 121
	OR  shift 122
	LESS_EQUAL  shift 123
	GREATER_EQUAL  shift 124
	EQUAL  shift 125
	NOT_EQUAL  shift 126
	ARRAYCOPY  shift 127
	ARRAYAPPEND  shift 128
	'+'  shift 129
	'-'  shift 130
	'*'  shift 131
	'/'  shift 132
	'%'  shift 133
	'>'  shift 134
	'<'  shift 135
	'.'  shift 136
	'['  shift 137
	','  reduce 102
	')'  reduce 102


state 152
	ExprList : ExprList . ',' Expr  (101)
	PrintStmt : PRINT '(' ExprList . ')'  (111)

	','  shift 191
	')'  shift 192
	.  error


state 153
	Expr : READ_INTEGER '(' ')' .  (79)

	.  reduce 79


state 154
	Expr : READ_LINE '(' ')' .  (80)

	.  reduce 80


state 155
	Receiver : Expr . '.'  (54)
	LValue : Expr . '[' Expr ']'  (57)
	Expr : Expr . '+' Expr  (63)
	Expr : Expr . '-' Expr  (64)
	Expr : Expr . '*' Expr  (65)
	Expr : Expr . '/' Expr  (66)
	Expr : Expr . '%' Expr  (67)
	Expr : Expr . EQUAL Expr  (68)
	Expr : Expr . NOT_EQUAL Expr  (69)
	Expr : Expr . '<' Expr  (70)
	Expr : Expr . '>' Expr  (71)
	Expr : Expr . LESS_EQUAL Expr  (72)
	Expr : Expr . GREATER_EQUAL Expr  (73)
	Expr : Expr . AND Expr  (74)
	Expr : Expr . OR Expr  (75)
	Expr : INSTANCEOF '(' Expr . ',' IDENTIFIER ')'  (84)
	Expr : Expr . ARRAYCOPY Expr  (86)
	Expr : Expr . ARRAYAPPEND Expr  (87)
	Expr : Expr . '[' Expr ':' Expr ']'  (88)
	Expr : Expr . '[' Expr ']' DEFAULT Expr  (89)

	AND  shift 121
	OR  shift 122
	LESS_EQUAL  shift 123
	GREATER_EQUAL  shift 124
	EQUAL  shift 125
	NOT_EQUAL  shift 126
	ARRAYCOPY  shift 127
	ARRAYAPPEND  shift 128
	'+'  shift 129
	'-'  shift 130
	'*'  shift 131
	'/'  shift 132
	'%'  shift 133
	'>'  shift 134
	'<'  shift 135
	'.'  shift 136
	','  shift 193
	'['  shift 137
	.  error


state 156
	Expr : '(' CLASS IDENTIFIER . ')' Expr  (85)

	')'  shift 194
	.  error


state 157
	Expr : '(' Expr ')' .  (76)

	.  reduce 76


state 158
	Expr : '[' Expr FOR . IDENTIFIER IN Expr IfClause ']'  (90)

	IDENTIFIER  shift 195
	.  error


state 159
	ArrayConstant : ArrayConstant ',' . Constant  (97)

	NULL  shift 53
	LITERAL  shift 67
	'['  shift 196
	.  error

	Constant  goto 197


state 160
	Constant : '[' ArrayConstant ']' .  (95)

	.  reduce 95


state 161
	SimpleStmt : LValue '=' Expr .  (40)
	Receiver : Expr . '.'  (54)
	LValue : Expr . '[' Expr ']'  (57)
	Expr : Expr . '+' Expr  (63)
	Expr : Expr . '-' Expr  (64)
	Expr : Expr . '*' Expr  (65)
	Expr : Expr . '/' Expr  (66)
	Expr : Expr . '%' Expr  (67)
	Expr : Expr . EQUAL Expr  (68)
	Expr : Expr . NOT_EQUAL Expr  (69)
	Expr : Expr . '<' Expr  (70)
	Expr : Expr . '>' Expr  (71)
	Expr : Expr . LESS_EQUAL Expr  (72)
	Expr : Expr . GREATER_EQUAL Expr  (73)
	Expr : Expr . AND Expr  (74)
	Expr : Expr . OR Expr  (75)
	Expr : Expr . ARRAYCOPY Expr  (86)
	Expr : Expr . ARRAYAPPEND Expr  (87)
	Expr : Expr . '[' Expr ':' Expr ']'  (88)
	Expr : Expr . '[' Expr ']' DEFAULT Expr  (89)

	AND  shift 121
	OR  shift 122
	LESS_EQUAL  shift 123
	GREATER_EQUAL  shift 124
	EQUAL  shift 125
	NOT_EQUAL  shift 126
	ARRAYCOPY  shift 127
	ARRAYAPPEND  shift 128
	'+'  shift 129
	'-'  shift 130
	'*'  shift 131
	'/'  shift 132
	'%'  shift 133
	'>'  shift 134
	'<'  shift 135
	'.'  shift 136
	'['  shift 137
	';'  reduce 40
	')'  reduce 40


state 162
	Receiver : Expr . '.'  (54)
	LValue : Expr . '[' Expr ']'  (57)
	Expr : Expr . '+' Expr  (63)
	Expr : Expr . '-' Expr  (64)
	Expr : Expr . '*' Expr  (65)
	Expr : Expr . '/' Expr  (66)
	Expr : Expr . '%' Expr  (67)
	Expr : Expr . EQUAL Expr  (68)
	Expr : Expr . NOT_EQUAL Expr  (69)
	Expr : Expr . '<' Expr  (70)
	Expr : Expr . '>' Expr  (71)
	Expr : Expr . LESS_EQUAL Expr  (72)
	Expr : Expr . GREATER_EQUAL Expr  (73)
	Expr : Expr . AND Expr  (74)
	Expr : Expr AND Expr .  (74)
	Expr : Expr . OR Expr  (75)
	Expr : Expr . ARRAYCOPY Expr  (86)
	Expr : Expr . ARRAYAPPEND Expr  (87)
	Expr : Expr . '[' Expr ':' Expr ']'  (88)
	Expr : Expr . '[' Expr ']' DEFAULT Expr  (89)

	LESS_EQUAL  shift 123
	GREATER_EQUAL  shift 124
	EQUAL  shift 125
	NOT_EQUAL  shift 126
	ARRAYCOPY  shift 127
	ARRAYAPPEND  shift 128
	'+'  shift 129
	'-'  shift 130
	'*'  shift 131
	'/'  shift 132
	'%'  shift 133
	'>'  shift 134
	'<'  shift 135
	'.'  shift 136
	'['  shift 137
	WHILE  reduce 74
	FOR  reduce 74
	IF  reduce 74
	AND  reduce 74
	OR  reduce 74
	','  reduce 74
	';'  reduce 74
	')'  reduce 74
	']'  reduce 74
	':'  reduce 74


state 163
	Receiver : Expr . '.'  (54)
	LValue : Expr . '[' Expr ']'  (57)
	Expr : Expr . '+' Expr  (63)
	Expr : Expr . '-' Expr  (64)
	Expr : Expr . '*' Expr  (65)
	Expr : Expr . '/' Expr  (66)
	Expr : Expr . '%' Expr  (67)
	Expr : Expr . EQUAL Expr  (68)
	Expr : Expr . NOT_EQUAL Expr  (69)
	Expr : Expr . '<' Expr  (70)
	Expr : Expr . '>' Expr  (71)
	Expr : Expr . LESS_EQUAL Expr  (72)
	Expr : Expr . GREATER_EQUAL Expr  (73)
	Expr : Expr . AND Expr  (74)
	Expr : Expr . OR Expr  (75)
	Expr : Expr OR Expr .  (75)
	Expr : Expr . ARRAYCOPY Expr  (86)
	Expr : Expr . ARRAYAPPEND Expr  (87)
	Expr : Expr . '[' Expr ':' Expr ']'  (88)
	Expr : Expr . '[' Expr ']' DEFAULT Expr  (89)

	AND  shift 121
	LESS_EQUAL  shift 123
	GREATER_EQUAL  shift 124
	EQUAL  shift 125
	NOT_EQUAL  shift 126
	ARRAYCOPY  shift 127
	ARRAYAPPEND  shift 128
	'+'  shift 129
	'-'  shift 130
	'*'  shift 131
	'/'  shift 132
	'%'  shift 133
	'>'  shift 134
	'<'  shift 135
	'.'  shift 136
	'['  shift 137
	WHILE  reduce 75
	FOR  reduce 75
	IF  reduce 75
	OR  reduce 75
	','  reduce 75
	';'  reduce 75
	')'  reduce 75
	']'  reduce 75
	':'  reduce 75


state 164
	Receiver : Expr . '.'  (54)
	LValue : Expr . '[' Expr ']'  (57)
	Expr : Expr . '+' Expr  (63)
	Expr : Expr . '-' Expr  (64)
	Expr : Expr . '*' Expr  (65)
	Expr : Expr . '/' Expr  (66)
	Expr : Expr . '%' Expr  (67)
	Expr : Expr . EQUAL Expr  (68)
	Expr : Expr . NOT_EQUAL Expr  (69)
	Expr : Expr . '<' Expr  (70)
	Expr : Expr . '>' Expr  (71)
	Expr : Expr . LESS_EQUAL Expr  (72)
	Expr : Expr LESS_EQUAL Expr .  (72)
	Expr : Expr . GREATER_EQUAL Expr  (73)
	Expr : Expr . AND Expr  (74)
	Expr : Expr . OR Expr  (75)
	Expr : Expr . ARRAYCOPY Expr  (86)
	Expr : Expr . ARRAYAPPEND Expr  (87)
	Expr : Expr . '[' Expr ':' Expr ']'  (88)
	Expr : Expr . '[' Expr ']' DEFAULT Expr  (89)

	'+'  shift 129
	'-'  shift 130
	'*'  shift 131
	'/'  shift 132
	'%'  shift 133
	'.'  shift 136
	'['  shift 137
	WHILE  reduce 72
	FOR  reduce 72
	IF  reduce 72
	AND  reduce 72
	OR  reduce 72
	EQUAL  reduce 72
	NOT_EQUAL  reduce 72
	ARRAYCOPY  reduce 72
	ARRAYAPPEND  reduce 72
	','  reduce 72
	';'  reduce 72
	')'  reduce 72
	']'  reduce 72
	':'  reduce 72


state 165
	Receiver : Expr . '.'  (54)
	LValue : Expr . '[' Expr ']'  (57)
	Expr : Expr . '+' Expr  (63)
	Expr : Expr . '-' Expr  (64)
	Expr : Expr . '*' Expr  (65)
	Expr : Expr . '/' Expr  (66)
	Expr : Expr . '%' Expr  (67)
	Expr : Expr . EQUAL Expr  (68)
	Expr : Expr . NOT_EQUAL Expr  (69)
	Expr : Expr . '<' Expr  (70)
	Expr : Expr . '>' Expr  (71)
	Expr : Expr . LESS_EQUAL Expr  (72)
	Expr : Expr . GREATER_EQUAL Expr  (73)
	Expr : Expr GREATER_EQUAL Expr .  (73)
	Expr : Expr . AND Expr  (74)
	Expr : Expr . OR Expr  (75)
	Expr : Expr . ARRAYCOPY Expr  (86)
	Expr : Expr . ARRAYAPPEND Expr  (87)
	Expr : Expr . '[' Expr ':' Expr ']'  (88)
	Expr : Expr . '[' Expr ']' DEFAULT Expr  (89)

	'+'  shift 129
	'-'  shift 130
	'*'  shift 131
	'/'  shift 132
	'%'  shift 133
	'.'  shift 136
	'['  shift 137
	WHILE  reduce 73
	FOR  reduce 73
	IF  reduce 73
	AND  reduce 73
	OR  reduce 73
	EQUAL  reduce 73
	NOT_EQUAL  reduce 73
	ARRAYCOPY  reduce 73
	ARRAYAPPEND  reduce 73
	','  reduce 73
	';'  reduce 73
	')'  reduce 73
	']'  reduce 73
	':'  reduce 73


state 166
	Receiver : Expr . '.'  (54)
	LValue : Expr . '[' Expr ']'  (57)
	Expr : Expr . '+' Expr  (63)
	Expr : Expr . '-' Expr  (64)
	Expr : Expr . '*' Expr  (65)
	Expr : Expr . '/' Expr  (66)
	Expr : Expr . '%' Expr  (67)
	Expr : Expr . EQUAL Expr  (68)
	Expr : Expr EQUAL Expr .  (68)
	Expr : Expr . NOT_EQUAL Expr  (69)
	Expr : Expr . '<' Expr  (70)
	Expr : Expr . '>' Expr  (71)
	Expr : Expr . LESS_EQUAL Expr  (72)
	Expr : Expr . GREATER_EQUAL Expr  (73)
	Expr : Expr . AND Expr  (74)
	Expr : Expr . OR Expr  (75)
	Expr : Expr . ARRAYCOPY Expr  (86)
	Expr : Expr . ARRAYAPPEND Expr  (87)
	Expr : Expr . '[' Expr ':' Expr ']'  (88)
	Expr : Expr . '[' Expr ']' DEFAULT Expr  (89)

	LESS_EQUAL  shift 123
	GREATER_EQUAL  shift 124
	ARRAYCOPY  shift 127
	ARRAYAPPEND  shift 128
	'+'  shift 129
	'-'  shift 130
	'*'  shift 131
	'/'  shift 132
	'%'  shift 133
	'>'  shift 134
	'<'  shift 135
	'.'  shift 136
	'['  shift 137
	WHILE  reduce 68
	FOR  reduce 68
	IF  reduce 68
	AND  reduce 68
	OR  reduce 68
	','  reduce 68
	';'  reduce 68
	')'  reduce 68
	']'  reduce 68
	':'  reduce 68


state 167
	Receiver : Expr . '.'  (54)
	LValue : Expr . '[' Expr ']'  (57)
	Expr : Expr . '+' Expr  (63)
	Expr : Expr . '-' Expr  (64)
	Expr : Expr . '*' Expr  (65)
	Expr : Expr . '/' Expr  (66)
	Expr : Expr . '%' Expr  (67)
	Expr : Expr . EQUAL Expr  (68)
	Expr : Expr . NOT_EQUAL Expr  (69)
	Expr : Expr NOT_EQUAL Expr .  (69)
	Expr : Expr . '<' Expr  (70)
	Expr : Expr . '>' Expr  (71)
	Expr : Expr . LESS_EQUAL Expr  (72)
	Expr : Expr . GREATER_EQUAL Expr  (73)
	Expr : Expr . AND Expr  (74)
	Expr : Expr . OR Expr  (75)
	Expr : Expr . ARRAYCOPY Expr  (86)
	Expr : Expr . ARRAYAPPEND Expr  (87)
	Expr : Expr . '[' Expr ':' Expr ']'  (88)
	Expr : Expr . '[' Expr ']' DEFAULT Expr  (89)

	LESS_EQUAL  shift 123
	GREATER_EQUAL  shift 124
	ARRAYCOPY  shift 127
	ARRAYAPPEND  shift 128
	'+'  shift 129
	'-'  shift 130
	'*'  shift 131
	'/'  shift 132
	'%'  shift 133
	'>'  shift 134
	'<'  shift 135
	'.'  shift 136
	'['  shift 137
	WHILE  reduce 69
	FOR  reduce 69
	IF  reduce 69
	AND  reduce 69
	OR  reduce 69
	','  reduce 69
	';'  reduce 69
	')'  reduce 69
	']'  reduce 69
	':'  reduce 69


state 168
	Receiver : Expr . '.'  (54)
	LValue : Expr . '[' Expr ']'  (57)
	Expr : Expr . '+' Expr  (63)
	Expr : Expr . '-' Expr  (64)
	Expr : Expr . '*' Expr  (65)
	Expr : Expr . '/' Expr  (66)
	Expr : Expr . '%' Expr  (67)
	Expr : Expr . EQUAL Expr  (68)
	Expr : Expr . NOT_EQUAL Expr  (69)
	Expr : Expr . '<' Expr  (70)
	Expr : Expr . '>' Expr  (71)
	Expr : Expr . LESS_EQUAL Expr  (72)
	Expr : Expr . GREATER_EQUAL Expr  (73)
	Expr : Expr . AND Expr  (74)
	Expr : Expr . OR Expr  (75)
	Expr : Expr . ARRAYCOPY Expr  (86)
	Expr : Expr ARRAYCOPY Expr .  (86)
	Expr : Expr . ARRAYAPPEND Expr  (87)
	Expr : Expr . '[' Expr ':' Expr ']'  (88)
	Expr : Expr . '[' Expr ']' DEFAULT Expr  (89)

	LESS_EQUAL  shift 123
	GREATER_EQUAL  shift 124
	'+'  shift 129
	'-'  shift 130
	'*'  shift 131
	'/'  shift 132
	'%'  shift 133
	'>'  shift 134
	'<'  shift 135
	'.'  shift 136
	'['  shift 137
	WHILE  reduce 86
	FOR  reduce 86
	IF  reduce 86
	AND  reduce 86
	OR  reduce 86
	EQUAL  reduce 86
	NOT_EQUAL  reduce 86
	ARRAYCOPY  reduce 86
	ARRAYAPPEND  reduce 86
	','  reduce 86
	';'  reduce 86
	')'  reduce 86
	']'  reduce 86
	':'  reduce 86


state 169
	Receiver : Expr . '.'  (54)
	LValue : Expr . '[' Expr ']'  (57)
	Expr : Expr . '+' Expr  (63)
	Expr : Expr . '-' Expr  (64)
	Expr : Expr . '*' Expr  (65)
	Expr : Expr . '/' Expr  (66)
	Expr : Expr . '%' Expr  (67)
	Expr : Expr . EQUAL Expr  (68)
	Expr : Expr . NOT_EQUAL Expr  (69)
	Expr : Expr . '<' Expr  (70)
	Expr : Expr . '>' Expr  (71)
	Expr : Expr . LESS_EQUAL Expr  (72)
	Expr : Expr . GREATER_EQUAL Expr  (73)
	Expr : Expr . AND Expr  (74)
	Expr : Expr . OR Expr  (75)
	Expr : Expr . ARRAYCOPY Expr  (86)
	Expr : Expr . ARRAYAPPEND Expr  (87)
	Expr : Expr ARRAYAPPEND Expr .  (87)
	Expr : Expr . '[' Expr ':' Expr ']'  (88)
	Expr : Expr . '[' Expr ']' DEFAULT Expr  (89)

	LESS_EQUAL  shift 123
	GREATER_EQUAL  shift 124
	ARRAYCOPY  shift 127
	ARRAYAPPEND  shift 128
	'+'  shift 129
	'-'  shift 130
	'*'  shift 131
	'/'  shift 132
	'%'  shift 133
	'>'  shift 134
	'<'  shift 135
	'.'  shift 136
	'['  shift 137
	WHILE  reduce 87
	FOR  reduce 87
	IF  reduce 87
	AND  reduce 87
	OR  reduce 87
	EQUAL  reduce 87
	NOT_EQUAL  reduce 87
	','  reduce 87
	';'  reduce 87
	')'  reduce 87
	']'  reduce 87
	':'  reduce 87


state 170
	Receiver : Expr . '.'  (54)
	LValue : Expr . '[' Expr ']'  (57)
	Expr : Expr . '+' Expr  (63)
	Expr : Expr '+' Expr .  (63)
	Expr : Expr . '-' Expr  (64)
	Expr : Expr . '*' Expr  (65)
	Expr : Expr . '/' Expr  (66)
	Expr : Expr . '%' Expr  (67)
	Expr : Expr . EQUAL Expr  (68)
	Expr : Expr . NOT_EQUAL Expr  (69)
	Expr : Expr . '<' Expr  (70)
	Expr : Expr . '>' Expr  (71)
	Expr : Expr . LESS_EQUAL Expr  (72)
	Expr : Expr . GREATER_EQUAL Expr  (73)
	Expr : Expr . AND Expr  (74)
	Expr : Expr . OR Expr  (75)
	Expr : Expr . ARRAYCOPY Expr  (86)
	Expr : Expr . ARRAYAPPEND Expr  (87)
	Expr : Expr . '[' Expr ':' Expr ']'  (88)
	Expr : Expr . '[' Expr ']' DEFAULT Expr  (89)

	'*'  shift 131
	'/'  shift 132
	'%'  shift 133
	'.'  shift 136
	'['  shift 137
	WHILE  reduce 63
	FOR  reduce 63
	IF  reduce 63
	AND  reduce 63
	OR  reduce 63
	LESS_EQUAL  reduce 63
	GREATER_EQUAL  reduce 63
	EQUAL  reduce 63
	NOT_EQUAL  reduce 63
	ARRAYCOPY  reduce 63
	ARRAYAPPEND  reduce 63
	'+'  reduce 63
	'-'  reduce 63
	'>'  reduce 63
	'<'  reduce 63
	','  reduce 63
	';'  reduce 63
	')'  reduce 63
	']'  reduce 63
	':'  reduce 63


state 171
	Receiver : Expr . '.'  (54)
	LValue : Expr . '[' Expr ']'  (57)
	Expr : Expr . '+' Expr  (63)
	Expr : Expr . '-' Expr  (64)
	Expr : Expr '-' Expr .  (64)
	Expr : Expr . '*' Expr  (65)
	Expr : Expr . '/' Expr  (66)
	Expr : Expr . '%' Expr  (67)
	Expr : Expr . EQUAL Expr  (68)
	Expr : Expr . NOT_EQUAL Expr  (69)
	Expr : Expr . '<' Expr  (70)
	Expr : Expr . '>' Expr  (71)
	Expr : Expr . LESS_EQUAL Expr  (72)
	Expr : Expr . GREATER_EQUAL Expr  (73)
	Expr : Expr . AND Expr  (74)
	Expr : Expr . OR Expr  (75)
	Expr : Expr . ARRAYCOPY Expr  (86)
	Expr : Expr . ARRAYAPPEND Expr  (87)
	Expr : Expr . '[' Expr ':' Expr ']'  (88)
	Expr : Expr . '[' Expr ']' DEFAULT Expr  (89)

	'*'  shift 131
	'/'  shift 132
	'%'  shift 133
	'.'  shift 136
	'['  shift 137
	WHILE  reduce 64
	FOR  reduce 64
	IF  reduce 64
	AND  reduce 64
	OR  reduce 64
	LESS_EQUAL  reduce 64
	GREATER_EQUAL  reduce 64
	EQUAL  reduce 64
	NOT_EQUAL  reduce 64
	ARRAYCOPY  reduce 64
	ARRAYAPPEND  reduce 64
	'+'  reduce 64
	'-'  reduce 64
	'>'  reduce 64
	'<'  reduce 64
	','  reduce 64
	';'  reduce 64
	')'  reduce 64
	']'  reduce 64
	':'  reduce 64


state 172
	Receiver : Expr . '.'  (54)
	LValue : Expr . '[' Expr ']'  (57)
	Expr : Expr . '+' Expr  (63)
	Expr : Expr . '-' Expr  (64)
	Expr : Expr . '*' Expr  (65)
	Expr : Expr '*' Expr .  (65)
	Expr : Expr . '/' Expr  (66)
	Expr : Expr . '%' Expr  (67)
	Expr : Expr . EQUAL Expr  (68)
	Expr : Expr . NOT_EQUAL Expr  (69)
	Expr : Expr . '<' Expr  (70)
	Expr : Expr . '>' Expr  (71)
	Expr : Expr . LESS_EQUAL Expr  (72)
	Expr : Expr . GREATER_EQUAL Expr  (73)
	Expr : Expr . AND Expr  (74)
	Expr : Expr . OR Expr  (75)
	Expr : Expr . ARRAYCOPY Expr  (86)
	Expr : Expr . ARRAYAPPEND Expr  (87)
	Expr : Expr . '[' Expr ':' Expr ']'  (88)
	Expr : Expr . '[' Expr ']' DEFAULT Expr  (89)

	'.'  shift 136
	'['  shift 137
	WHILE  reduce 65
	FOR  reduce 65
	IF  reduce 65
	AND  reduce 65
	OR  reduce 65
	LESS_EQUAL  reduce 65
	GREATER_EQUAL  reduce 65
	EQUAL  reduce 65
	NOT_EQUAL  reduce 65
	ARRAYCOPY  reduce 65
	ARRAYAPPEND  reduce 65
	'+'  reduce 65
	'-'  reduce 65
	'*'  reduce 65
	'/'  reduce 65
	'%'  reduce 65
	'>'  reduce 65
	'<'  reduce 65
	','  reduce 65
	';'  reduce 65
	')'  reduce 65
	']'  reduce 65
	':'  reduce 65


state 173
	Receiver : Expr . '.'  (54)
	LValue : Expr . '[' Expr ']'  (57)
	Expr : Expr . '+' Expr  (63)
	Expr : Expr . '-' Expr  (64)
	Expr : Expr . '*' Expr  (65)
	Expr : Expr . '/' Expr  (66)
	Expr : Expr '/' Expr .  (66)
	Expr : Expr . '%' Expr  (67)
	Expr : Expr . EQUAL Expr  (68)
	Expr : Expr . NOT_EQUAL Expr  (69)
	Expr : Expr . '<' Expr  (70)
	Expr : Expr . '>' Expr  (71)
	Expr : Expr . LESS_EQUAL Expr  (72)
	Expr : Expr . GREATER_EQUAL Expr  (73)
	Expr : Expr . AND Expr  (74)
	Expr : Expr . OR Expr  (75)
	Expr : Expr . ARRAYCOPY Expr  (86)
	Expr : Expr . ARRAYAPPEND Expr  (87)
	Expr : Expr . '[' Expr ':' Expr ']'  (88)
	Expr : Expr . '[' Expr ']' DEFAULT Expr  (89)

	'.'  shift 136
	'['  shift 137
	WHILE  reduce 66
	FOR  reduce 66
	IF  reduce 66
	AND  reduce 66
	OR  reduce 66
	LESS_EQUAL  reduce 66
	GREATER_EQUAL  reduce 66
	EQUAL  reduce 66
	NOT_EQUAL  reduce 66
	ARRAYCOPY  reduce 66
	ARRAYAPPEND  reduce 66
	'+'  reduce 66
	'-'  reduce 66
	'*'  reduce 66
	'/'  reduce 66
	'%'  reduce 66
	'>'  reduce 66
	'<'  reduce 66
	','  reduce 66
	';'  reduce 66
	')'  reduce 66
	']'  reduce 66
	':'  reduce 66


state 174
	Receiver : Expr . '.'  (54)
	LValue : Expr . '[' Expr ']'  (57)
	Expr : Expr . '+' Expr  (63)
	Expr : Expr . '-' Expr  (64)
	Expr : Expr . '*' Expr  (65)
	Expr : Expr . '/' Expr  (66)
	Expr : Expr . '%' Expr  (67)
	Expr : Expr '%' Expr .  (67)
	Expr : Expr . EQUAL Expr  (68)
	Expr : Expr . NOT_EQUAL Expr  (69)
	Expr : Expr . '<' Expr  (70)
	Expr : Expr . '>' Expr  (71)
	Expr : Expr . LESS_EQUAL Expr  (72)
	Expr : Expr . GREATER_EQUAL Expr  (73)
	Expr : Expr . AND Expr  (74)
	Expr : Expr . OR Expr  (75)
	Expr : Expr . ARRAYCOPY Expr  (86)
	Expr : Expr . ARRAYAPPEND Expr  (87)
	Expr : Expr . '[' Expr ':' Expr ']'  (88)
	Expr : Expr . '[' Expr ']' DEFAULT Expr  (89)

	'.'  shift 136
	'['  shift 137
	WHILE  reduce 67
	FOR  reduce 67
	IF  reduce 67
	AND  reduce 67
	OR  reduce 67
	LESS_EQUAL  reduce 67
	GREATER_EQUAL  reduce 67
	EQUAL  reduce 67
	NOT_EQUAL  reduce 67
	ARRAYCOPY  reduce 67
	ARRAYAPPEND  reduce 67
	'+'  reduce 67
	'-'  reduce 67
	'*'  reduce 67
	'/'  reduce 67
	'%'  reduce 67
	'>'  reduce 67
	'<'  reduce 67
	','  reduce 67
	';'  reduce 67
	')'  reduce 67
	']'  reduce 67
	':'  reduce 67


state 175
	Receiver : Expr . '.'  (54)
	LValue : Expr . '[' Expr ']'  (57)
	Expr : Expr . '+' Expr  (63)
	Expr : Expr . '-' Expr  (64)
	Expr : Expr . '*' Expr  (65)
	Expr : Expr . '/' Expr  (66)
	Expr : Expr . '%' Expr  (67)
	Expr : Expr . EQUAL Expr  (68)
	Expr : Expr . NOT_EQUAL Expr  (69)
	Expr : Expr . '<' Expr  (70)
	Expr : Expr . '>' Expr  (71)
	Expr : Expr '>' Expr .  (71)
	Expr : Expr . LESS_EQUAL Expr  (72)
	Expr : Expr . GREATER_EQUAL Expr  (73)
	Expr : Expr . AND Expr  (74)
	Expr : Expr . OR Expr  (75)
	Expr : Expr . ARRAYCOPY Expr  (86)
	Expr : Expr . ARRAYAPPEND Expr  (87)
	Expr : Expr . '[' Expr ':' Expr ']'  (88)
	Expr : Expr . '[' Expr ']' DEFAULT Expr  (89)

	'+'  shift 129
	'-'  shift 130
	'*'  shift 131
	'/'  shift 132
	'%'  shift 133
	'.'  shift 136
	'['  shift 137
	WHILE  reduce 71
	FOR  reduce 71
	IF  reduce 71
	AND  reduce 71
	OR  reduce 71
	EQUAL  reduce 71
	NOT_EQUAL  reduce 71
	ARRAYCOPY  reduce 71
	ARRAYAPPEND  reduce 71
	','  reduce 71
	';'  reduce 71
	')'  reduce 71
	']'  reduce 71
	':'  reduce 71


state 176
	Receiver : Expr . '.'  (54)
	LValue : Expr . '[' Expr ']'  (57)
	Expr : Expr . '+' Expr  (63)
	Expr : Expr . '-' Expr  (64)
	Expr : Expr . '*' Expr  (65)
	Expr : Expr . '/' Expr  (66)
	Expr : Expr . '%' Expr  (67)
	Expr : Expr . EQUAL Expr  (68)
	Expr : Expr . NOT_EQUAL Expr  (69)
	Expr : Expr . '<' Expr  (70)
	Expr : Expr '<' Expr .  (70)
	Expr : Expr . '>' Expr  (71)
	Expr : Expr . LESS_EQUAL Expr  (72)
	Expr : Expr . GREATER_EQUAL Expr  (73)
	Expr : Expr . AND Expr  (74)
	Expr : Expr . OR Expr  (75)
	Expr : Expr . ARRAYCOPY Expr  (86)
	Expr : Expr . ARRAYAPPEND Expr  (87)
	Expr : Expr . '[' Expr ':' Expr ']'  (88)
	Expr : Expr . '[' Expr ']' DEFAULT Expr  (89)

	'+'  shift 129
	'-'  shift 130
	'*'  shift 131
	'/'  shift 132
	'%'  shift 133
	'.'  shift 136
	'['  shift 137
	WHILE  reduce 70
	FOR  reduce 70
	IF  reduce 70
	AND  reduce 70
	OR  reduce 70
	EQUAL  reduce 70
	NOT_EQUAL  reduce 70
	ARRAYCOPY  reduce 70
	ARRAYAPPEND  reduce 70
	','  reduce 70
	';'  reduce 70
	')'  reduce 70
	']'  reduce 70
	':'  reduce 70


state 177
	Receiver : Expr . '.'  (54)
	LValue : Expr . '[' Expr ']'  (57)
	LValue : Expr '[' Expr . ']'  (57)
	Expr : Expr . '+' Expr  (63)
	Expr : Expr . '-' Expr  (64)
	Expr : Expr . '*' Expr  (65)
	Expr : Expr . '/' Expr  (66)
	Expr : Expr . '%' Expr  (67)
	Expr : Expr . EQUAL Expr  (68)
	Expr : Expr . NOT_EQUAL Expr  (69)
	Expr : Expr . '<' Expr  (70)
	Expr : Expr . '>' Expr  (71)
	Expr : Expr . LESS_EQUAL Expr  (72)
	Expr : Expr . GREATER_EQUAL Expr  (73)
	Expr : Expr . AND Expr  (74)
	Expr : Expr . OR Expr  (75)
	Expr : Expr . ARRAYCOPY Expr  (86)
	Expr : Expr . ARRAYAPPEND Expr  (87)
	Expr : Expr . '[' Expr ':' Expr ']'  (88)
	Expr : Expr '[' Expr . ':' Expr ']'  (88)
	Expr : Expr . '[' Expr ']' DEFAULT Expr  (89)
	Expr : Expr '[' Expr . ']' DEFAULT Expr  (89)

	AND  shift 121
	OR  shift 122
	LESS_EQUAL  shift 123
	GREATER_EQUAL  shift 124
	EQUAL  shift 125
	NOT_EQUAL  shift 126
	ARRAYCOPY  shift 127
	ARRAYAPPEND  shift 128
	'+'  shift 129
	'-'  shift 130
	'*'  shift 131
	'/'  shift 132
	'%'  shift 133
	'>'  shift 134
	'<'  shift 135
	'.'  shift 136
	'['  shift 137
	']'  shift 198
	':'  shift 199
	.  error


state 178
	Call : Receiver IDENTIFIER '(' . Actuals ')'  (59)
	Receiver : .  (55)
	Actuals : .  (100)

	NULL  shift 53
	THIS  shift 54
	VAR  shift 59
	NEW  shift 63
	READ_INTEGER  shift 65
	READ_LINE  shift 66
	LITERAL  shift 67
	INSTANCEOF  shift 68
	'-'  shift 69
	'!'  shift 70
	'('  shift 71
	'['  shift 72
	IDENTIFIER  reduce 55
	')'  reduce 100

	LValue  goto 99
	Expr  goto 151
	Call  goto 101
	Receiver  goto 90
	Actuals  goto 200
	Constant  goto 91
	ExprList  goto 201


state 179
	WhileStmt : WHILE '(' Expr ')' . Stmt  (103)
	SimpleStmt : .  (42)
	Receiver : .  (55)

	VOID  shift 17
	BOOL  shift 18
	INT  shift 19
	STRING  shift 20
	CLASS  shift 21
	NULL  shift 53
	THIS  shift 54
	WHILE  shift 55
	FOR  shift 56
	SCOPY  shift 57
	FOREACH  shift 58
	VAR  shift 59
	IF  shift 60
	RETURN  shift 61
	BREAK  shift 62
	NEW  shift 63
	PRINT  shift 64
	READ_INTEGER  shift 65
	READ_LINE  shift 66
	LITERAL  shift 67
	INSTANCEOF  shift 68
	'-'  shift 69
	'!'  shift 70
	'('  shift 71
	'['  shift 72
	'{'  shift 48
	IDENTIFIER  reduce 55
	';'  reduce 42

	VariableDef  goto 74
	Variable  goto 25
	Type  goto 40
	StmtBlock  goto 75
	Stmt  goto 202
	SimpleStmt  goto 77
	IfStmt  goto 78
	WhileStmt  goto 79
	ForStmt  goto 80
	ReturnStmt  goto 81
	PrintStmt  goto 82
	BreakStmt  goto 83
	OCStmt  goto 84
	GuardedStmt  goto 85
	ForeachStmt  goto 86
	LValue  goto 87
	Expr  goto 88
	Call  goto 89
	Receiver  goto 90
	Constant  goto 91


state 180
	ForStmt : FOR '(' SimpleStmt ';' . Expr ';' SimpleStmt ')' Stmt  (104)
	Receiver : .  (55)

	NULL  shift 53
	THIS  shift 54
	VAR  shift 59
	NEW  shift 63
	READ_INTEGER  shift 65
	READ_LINE  shift 66
	LITERAL  shift 67
	INSTANCEOF  shift 68
	'-'  shift 69
	'!'  shift 70
	'('  shift 71
	'['  shift 72
	IDENTIFIER  reduce 55

	LValue  goto 99
	Expr  goto 203
	Call  goto 101
	Receiver  goto 90
	Constant  goto 91


state 181
	OCStmt : SCOPY '(' IDENTIFIER ',' . Expr ')'  (43)
	Receiver : .  (55)

	NULL  shift 53
	THIS  shift 54
	VAR  shift 59
	NEW  shift 63
	READ_INTEGER  shift 65
	READ_LINE  shift 66
	LITERAL  shift 67
	INSTANCEOF  shift 68
	'-'  shift 69
	'!'  shift 70
	'('  shift 71
	'['  shift 72
	IDENTIFIER  reduce 55

	LValue  goto 99
	Expr  goto 204
	Call  goto 101
	Receiver  goto 90
	Constant  goto 91


state 182
	BoundVariable : VAR IDENTIFIER .  (50)

	.  reduce 50


state 183
	BoundVariable : Type IDENTIFIER .  (49)

	.  reduce 49


state 184
	ForeachStmt : FOREACH '(' BoundVariable IN . Expr WhileClause ')' Stmt  (51)
	Receiver : .  (55)

	NULL  shift 53
	THIS  shift 54
	VAR  shift 59
	NEW  shift 63
	READ_INTEGER  shift 65
	READ_LINE  shift 66
	LITERAL  shift 67
	INSTANCEOF  shift 68
	'-'  shift 69
	'!'  shift 70
	'('  shift 71
	'['  shift 72
	IDENTIFIER  reduce 55

	LValue  goto 99
	Expr  goto 205
	Call  goto 101
	Receiver  goto 90
	Constant  goto 91


state 185
	IfStmt : IF '(' Expr ')' . Stmt ElseClause  (106)
	SimpleStmt : .  (42)
	Receiver : .  (55)

	VOID  shift 17
	BOOL  shift 18
	INT  shift 19
	STRING  shift 20
	CLASS  shift 21
	NULL  shift 53
	THIS  shift 54
	WHILE  shift 55
	FOR  shift 56
	SCOPY  shift 57
	FOREACH  shift 58
	VAR  shift 59
	IF  shift 60
	RETURN  shift 61
	BREAK  shift 62
	NEW  shift 63
	PRINT  shift 64
	READ_INTEGER  shift 65
	READ_LINE  shift 66
	LITERAL  shift 67
	INSTANCEOF  shift 68
	'-'  shift 69
	'!'  shift 70
	'('  shift 71
	'['  shift 72
	'{'  shift 48
	IDENTIFIER  reduce 55
	';'  reduce 42

	VariableDef  goto 74
	Variable  goto 25
	Type  goto 40
	StmtBlock  goto 75
	Stmt  goto 206
	SimpleStmt  goto 77
	IfStmt  goto 78
	WhileStmt  goto 79
	ForStmt  goto 80
	ReturnStmt  goto 81
	PrintStmt  goto 82
	BreakStmt  goto 83
	OCStmt  goto 84
	GuardedStmt  goto 85
	ForeachStmt  goto 86
	LValue  goto 87
	Expr  goto 88
	Call  goto 89
	Receiver  goto 90
	Constant  goto 91


state 186
	Guard : Expr ':' . Stmt  (48)
	SimpleStmt : .  (42)
	Receiver : .  (55)

	VOID  shift 17
	BOOL  shift 18
	INT  shift 19
	STRING  shift 20
	CLASS  shift 21
	NULL  shift 53
	THIS  shift 54
	WHILE  shift 55
	FOR  shift 56
	SCOPY  shift 57
	FOREACH  shift 58
	VAR  shift 59
	IF  shift 60
	RETURN  shift 61
	BREAK  shift 62
	NEW  shift 63
	PRINT  shift 64
	READ_INTEGER  shift 65
	READ_LINE  shift 66
	LITERAL  shift 67
	INSTANCEOF  shift 68
	'-'  shift 69
	'!'  shift 70
	'('  shift 71
	'['  shift 72
	'{'  shift 48
	IDENTIFIER  reduce 55
	';'  reduce 42

	VariableDef  goto 74
	Variable  goto 25
	Type  goto 40
	StmtBlock  goto 75
	Stmt  goto 207
	SimpleStmt  goto 77
	IfStmt  goto 78
	WhileStmt  goto 79
	ForStmt  goto 80
	ReturnStmt  goto 81
	PrintStmt  goto 82
	BreakStmt  goto 83
	OCStmt  goto 84
	GuardedStmt  goto 85
	ForeachStmt  goto 86
	LValue  goto 87
	Expr  goto 88
	Call  goto 89
	Receiver  goto 90
	Constant  goto 91


state 187
	GuardedElement : GuardedElement PARGUARD . Guard  (46)
	Receiver : .  (55)

	NULL  shift 53
	THIS  shift 54
	VAR  shift 59
	NEW  shift 63
	READ_INTEGER  shift 65
	READ_LINE  shift 66
	LITERAL  shift 67
	INSTANCEOF  shift 68
	'-'  shift 69
	'!'  shift 70
	'('  shift 71
	'['  shift 72
	IDENTIFIER  reduce 55

	LValue  goto 99
	Expr  goto 146
	Call  goto 101
	Guard  goto 208
	Receiver  goto 90
	Constant  goto 91


state 188
	GuardedStmt : IF '{' GuardedElement '}' .  (44)

	.  reduce 44


state 189
	Expr : NEW IDENTIFIER '(' ')' .  (82)

	.  reduce 82


state 190
	Receiver : Expr . '.'  (54)
	LValue : Expr . '[' Expr ']'  (57)
	Expr : Expr . '+' Expr  (63)
	Expr : Expr . '-' Expr  (64)
	Expr : Expr . '*' Expr  (65)
	Expr : Expr . '/' Expr  (66)
	Expr : Expr . '%' Expr  (67)
	Expr : Expr . EQUAL Expr  (68)
	Expr : Expr . NOT_EQUAL Expr  (69)
	Expr : Expr . '<' Expr  (70)
	Expr : Expr . '>' Expr  (71)
	Expr : Expr . LESS_EQUAL Expr  (72)
	Expr : Expr . GREATER_EQUAL Expr  (73)
	Expr : Expr . AND Expr  (74)
	Expr : Expr . OR Expr  (75)
	Expr : NEW Type '[' Expr . ']'  (83)
	Expr : Expr . ARRAYCOPY Expr  (86)
	Expr : Expr . ARRAYAPPEND Expr  (87)
	Expr : Expr . '[' Expr ':' Expr ']'  (88)
	Expr : Expr . '[' Expr ']' DEFAULT Expr  (89)

	AND  shift 121
	OR  shift 122
	LESS_EQUAL  shift 123
	GREATER_EQUAL  shift 124
	EQUAL  shift 125
	NOT_EQUAL  shift 126
	ARRAYCOPY  shift 127
	ARRAYAPPEND  shift 128
	'+'  shift 129
	'-'  shift 130
	'*'  shift 131
	'/'  shift 132
	'%'  shift 133
	'>'  shift 134
	'<'  shift 135
	'.'  shift 136
	'['  shift 137
	']'  shift 209
	.  error


state 191
	ExprList : ExprList ',' . Expr  (101)
	Receiver : .  (55)

	NULL  shift 53
	THIS  shift 54
	VAR  shift 59
	NEW  shift 63
	READ_INTEGER  shift 65
	READ_LINE  shift 66
	LITERAL  shift 67
	INSTANCEOF  shift 68
	'-'  shift 69
	'!'  shift 70
	'('  shift 71
	'['  shift 72
	IDENTIFIER  reduce 55

	LValue  goto 99
	Expr  goto 210
	Call  goto 101
	Receiver  goto 90
	Constant  goto 91


state 192
	PrintStmt : PRINT '(' ExprList ')' .  (111)

	.  reduce 111


state 193
	Expr : INSTANCEOF '(' Expr ',' . IDENTIFIER ')'  (84)

	IDENTIFIER  shift 211
	.  error


state 194
	Expr : '(' CLASS IDENTIFIER ')' . Expr  (85)
	Receiver : .  (55)

	NULL  shift 53
	THIS  shift 54
	VAR  shift 59
	NEW  shift 63
	READ_INTEGER  shift 65
	READ_LINE  shift 66
	LITERAL  shift 67
	INSTANCEOF  shift 68
	'-'  shift 69
	'!'  shift 70
	'('  shift 71
	'['  shift 72
	IDENTIFIER  reduce 55

	LValue  goto 99
	Expr  goto 212
	Call  goto 101
	Receiver  goto 90
	Constant  goto 91


state 195
	Expr : '[' Expr FOR IDENTIFIER . IN Expr IfClause ']'  (90)

	IN  shift 213
	.  error


state 196
	Constant : '[' . ArrayConstant ']'  (95)
	ArrayConstant : .  (98)

	NULL  shift 53
	LITERAL  shift 67
	'['  shift 196
	','  reduce 98
	']'  reduce 98

	Constant  goto 214
	ArrayConstant  goto 114


state 197
	ArrayConstant : ArrayConstant ',' Constant .  (97)

	.  reduce 97


state 198
	LValue : Expr '[' Expr ']' .  (57)
	Expr : Expr '[' Expr ']' . DEFAULT Expr  (89)

	DEFAULT  shift 215
	WHILE  reduce 57
	FOR  reduce 57
	IF  reduce 57
	AND  reduce 57
	OR  reduce 57
	LESS_EQUAL  reduce 57
	GREATER_EQUAL  reduce 57
	EQUAL  reduce 57
	NOT_EQUAL  reduce 57
	ARRAYCOPY  reduce 57
	ARRAYAPPEND  reduce 57
	'+'  reduce 57
	'-'  reduce 57
	'*'  reduce 57
	'/'  reduce 57
	'%'  reduce 57
	'='  reduce 57
	'>'  reduce 57
	'<'  reduce 57
	'.'  reduce 57
	','  reduce 57
	';'  reduce 57
	')'  reduce 57
	'['  reduce 57
	']'  reduce 57
	':'  reduce 57


state 199
	Expr : Expr '[' Expr ':' . Expr ']'  (88)
	Receiver : .  (55)

	NULL  shift 53
	THIS  shift 54
	VAR  shift 59
	NEW  shift 63
	READ_INTEGER  shift 65
	READ_LINE  shift 66
	LITERAL  shift 67
	INSTANCEOF  shift 68
	'-'  shift 69
	'!'  shift 70
	'('  shift 71
	'['  shift 72
	IDENTIFIER  reduce 55

	LValue  goto 99
	Expr  goto 216
	Call  goto 101
	Receiver  goto 90
	Constant  goto 91


state 200
	Call : Receiver IDENTIFIER '(' Actuals . ')'  (59)

	')'  shift 217
	.  error


state 201
	Actuals : ExprList .  (99)
	ExprList : ExprList . ',' Expr  (101)

	','  shift 191
	')'  reduce 99


state 202
	WhileStmt : WHILE '(' Expr ')' Stmt .  (103)

	.  reduce 103


state 203
	Receiver : Expr . '.'  (54)
	LValue : Expr . '[' Expr ']'  (57)
	Expr : Expr . '+' Expr  (63)
	Expr : Expr . '-' Expr  (64)
	Expr : Expr . '*' Expr  (65)
	Expr : Expr . '/' Expr  (66)
	Expr : Expr . '%' Expr  (67)
	Expr : Expr . EQUAL Expr  (68)
	Expr : Expr . NOT_EQUAL Expr  (69)
	Expr : Expr . '<' Expr  (70)
	Expr : Expr . '>' Expr  (71)
	Expr : Expr . LESS_EQUAL Expr  (72)
	Expr : Expr . GREATER_EQUAL Expr  (73)
	Expr : Expr . AND Expr  (74)
	Expr : Expr . OR Expr  (75)
	Expr : Expr . ARRAYCOPY Expr  (86)
	Expr : Expr . ARRAYAPPEND Expr  (87)
	Expr : Expr . '[' Expr ':' Expr ']'  (88)
	Expr : Expr . '[' Expr ']' DEFAULT Expr  (89)
	ForStmt : FOR '(' SimpleStmt ';' Expr . ';' SimpleStmt ')' Stmt  (104)

	AND  shift 121
	OR  shift 122
	LESS_EQUAL  shift 123
	GREATER_EQUAL  shift 124
	EQUAL  shift 125
	NOT_EQUAL  shift 126
	ARRAYCOPY  shift 127
	ARRAYAPPEND  shift 128
	'+'  shift 129
	'-'  shift 130
	'*'  shift 131
	'/'  shift 132
	'%'  shift 133
	'>'  shift 134
	'<'  shift 135
	'.'  shift 136
	';'  shift 218
	'['  shift 137
	.  error


state 204
	OCStmt : SCOPY '(' IDENTIFIER ',' Expr . ')'  (43)
	Receiver : Expr . '.'  (54)
	LValue : Expr . '[' Expr ']'  (57)
	Expr : Expr . '+' Expr  (63)
	Expr : Expr . '-' Expr  (64)
	Expr : Expr . '*' Expr  (65)
	Expr : Expr . '/' Expr  (66)
	Expr : Expr . '%' Expr  (67)
	Expr : Expr . EQUAL Expr  (68)
	Expr : Expr . NOT_EQUAL Expr  (69)
	Expr : Expr . '<' Expr  (70)
	Expr : Expr . '>' Expr  (71)
	Expr : Expr . LESS_EQUAL Expr  (72)
	Expr : Expr . GREATER_EQUAL Expr  (73)
	Expr : Expr . AND Expr  (74)
	Expr : Expr . OR Expr  (75)
	Expr : Expr . ARRAYCOPY Expr  (86)
	Expr : Expr . ARRAYAPPEND Expr  (87)
	Expr : Expr . '[' Expr ':' Expr ']'  (88)
	Expr : Expr . '[' Expr ']' DEFAULT Expr  (89)

	AND  shift 121
	OR  shift 122
	LESS_EQUAL  shift 123
	GREATER_EQUAL  shift 124
	EQUAL  shift 125
	NOT_EQUAL  shift 126
	ARRAYCOPY  shift 127
	ARRAYAPPEND  shift 128
	'+'  shift 129
	'-'  shift 130
	'*'  shift 131
	'/'  shift 132
	'%'  shift 133
	'>'  shift 134
	'<'  shift 135
	'.'  shift 136
	')'  shift 219
	'['  shift 137
	.  error


state 205
	ForeachStmt : FOREACH '(' BoundVariable IN Expr . WhileClause ')' Stmt  (51)
	Receiver : Expr . '.'  (54)
	LValue : Expr . '[' Expr ']'  (57)
	Expr : Expr . '+' Expr  (63)
	Expr : Expr . '-' Expr  (64)
	Expr : Expr . '*' Expr  (65)
	Expr : Expr . '/' Expr  (66)
	Expr : Expr . '%' Expr  (67)
	Expr : Expr . EQUAL Expr  (68)
	Expr : Expr . NOT_EQUAL Expr  (69)
	Expr : Expr . '<' Expr  (70)
	Expr : Expr . '>' Expr  (71)
	Expr : Expr . LESS_EQUAL Expr  (72)
	Expr : Expr . GREATER_EQUAL Expr  (73)
	Expr : Expr . AND Expr  (74)
	Expr : Expr . OR Expr  (75)
	Expr : Expr . ARRAYCOPY Expr  (86)
	Expr : Expr . ARRAYAPPEND Expr  (87)
	Expr : Expr . '[' Expr ':' Expr ']'  (88)
	Expr : Expr . '[' Expr ']' DEFAULT Expr  (89)
	WhileClause : .  (53)

	WHILE  shift 220
	AND  shift 121
	OR  shift 122
	LESS_EQUAL  shift 123
	GREATER_EQUAL  shift 124
	EQUAL  shift 125
	NOT_EQUAL  shift 126
	ARRAYCOPY  shift 127
	ARRAYAPPEND  shift 128
	'+'  shift 129
	'-'  shift 130
	'*'  shift 131
	'/'  shift 132
	'%'  shift 133
	'>'  shift 134
	'<'  shift 135
	'.'  shift 136
	'['  shift 137
	')'  reduce 53

	WhileClause  goto 221


state 206
	IfStmt : IF '(' Expr ')' Stmt . ElseClause  (106)
	ElseClause : .  (108)

	ELSE  shift 222
	VOID  reduce 108
	BOOL  reduce 108
	INT  reduce 108
	STRING  reduce 108
	CLASS  reduce 108
	NULL  reduce 108
	THIS  reduce 108
	WHILE  reduce 108
	FOR  reduce 108
	SCOPY  reduce 108
	FOREACH  reduce 108
	VAR  reduce 108
	IF  reduce 108
	RETURN  reduce 108
	BREAK  reduce 108
	NEW  reduce 108
	PRINT  reduce 108
	READ_INTEGER  reduce 108
	READ_LINE  reduce 108
	LITERAL  reduce 108
	IDENTIFIER  reduce 108
	INSTANCEOF  reduce 108
	PARGUARD  reduce 108
	'-'  reduce 108
	';'  reduce 108
	'!'  reduce 108
	'('  reduce 108
	'['  reduce 108
	'{'  reduce 108
	'}'  reduce 108

	ElseClause  goto 223


state 207
	Guard : Expr ':' Stmt .  (48)

	.  reduce 48


state 208
	GuardedElement : GuardedElement PARGUARD Guard .  (46)

	.  reduce 46


state 209
	Expr : NEW Type '[' Expr ']' .  (83)

	.  reduce 83


state 210
	Receiver : Expr . '.'  (54)
	LValue : Expr . '[' Expr ']'  (57)
	Expr : Expr . '+' Expr  (63)
	Expr : Expr . '-' Expr  (64)
	Expr : Expr . '*' Expr  (65)
	Expr : Expr . '/' Expr  (66)
	Expr : Expr . '%' Expr  (67)
	Expr : Expr . EQUAL Expr  (68)
	Expr : Expr . NOT_EQUAL Expr  (69)
	Expr : Expr . '<' Expr  (70)
	Expr : Expr . '>' Expr  (71)
	Expr : Expr . LESS_EQUAL Expr  (72)
	Expr : Expr . GREATER_EQUAL Expr  (73)
	Expr : Expr . AND Expr  (74)
	Expr : Expr . OR Expr  (75)
	Expr : Expr . ARRAYCOPY Expr  (86)
	Expr : Expr . ARRAYAPPEND Expr  (87)
	Expr : Expr . '[' Expr ':' Expr ']'  (88)
	Expr : Expr . '[' Expr ']' DEFAULT Expr  (89)
	ExprList : ExprList ',' Expr .  (101)

	AND  shift 121
	OR  shift 122
	LESS_EQUAL  shift 123
	GREATER_EQUAL  shift 124
	EQUAL  shift 125
	NOT_EQUAL  shift 126
	ARRAYCOPY  shift 127
	ARRAYAPPEND  shift 128
	'+'  shift 129
	'-'  shift 130
	'*'  shift 131
	'/'  shift 132
	'%'  shift 133
	'>'  shift 134
	'<'  shift 135
	'.'  shift 136
	'['  shift 137
	','  reduce 101
	')'  reduce 101


state 211
	Expr : INSTANCEOF '(' Expr ',' IDENTIFIER . ')'  (84)

	')'  shift 224
	.  error


state 212
	Receiver : Expr . '.'  (54)
	LValue : Expr . '[' Expr ']'  (57)
	Expr : Expr . '+' Expr  (63)
	Expr : Expr . '-' Expr  (64)
	Expr : Expr . '*' Expr  (65)
	Expr : Expr . '/' Expr  (66)
	Expr : Expr . '%' Expr  (67)
	Expr : Expr . EQUAL Expr  (68)
	Expr : Expr . NOT_EQUAL Expr  (69)
	Expr : Expr . '<' Expr  (70)
	Expr : Expr . '>' Expr  (71)
	Expr : Expr . LESS_EQUAL Expr  (72)
	Expr : Expr . GREATER_EQUAL Expr  (73)
	Expr : Expr . AND Expr  (74)
	Expr : Expr . OR Expr  (75)
	Expr : '(' CLASS IDENTIFIER ')' Expr .  (85)
	Expr : Expr . ARRAYCOPY Expr  (86)
	Expr : Expr . ARRAYAPPEND Expr  (87)
	Expr : Expr . '[' Expr ':' Expr ']'  (88)
	Expr : Expr . '[' Expr ']' DEFAULT Expr  (89)

	.  reduce 85


state 213
	Expr : '[' Expr FOR IDENTIFIER IN . Expr IfClause ']'  (90)
	Receiver : .  (55)

	NULL  shift 53
	THIS  shift 54
	VAR  shift 59
	NEW  shift 63
	READ_INTEGER  shift 65
	READ_LINE  shift 66
	LITERAL  shift 67
	INSTANCEOF  shift 68
	'-'  shift 69
	'!'  shift 70
	'('  shift 71
	'['  shift 72
	IDENTIFIER  reduce 55

	LValue  goto 99
	Expr  goto 225
	Call  goto 101
	Receiver  goto 90
	Constant  goto 91


state 214
	ArrayConstant : Constant .  (96)

	.  reduce 96


state 215
	Expr : Expr '[' Expr ']' DEFAULT . Expr  (89)
	Receiver : .  (55)

	NULL  shift 53
	THIS  shift 54
	VAR  shift 59
	NEW  shift 63
	READ_INTEGER  shift 65
	READ_LINE  shift 66
	LITERAL  shift 67
	INSTANCEOF  shift 68
	'-'  shift 69
	'!'  shift 70
	'('  shift 71
	'['  shift 72
	IDENTIFIER  reduce 55

	LValue  goto 99
	Expr  goto 226
	Call  goto 101
	Receiver  goto 90
	Constant  goto 91


state 216
	Receiver : Expr . '.'  (54)
	LValue : Expr . '[' Expr ']'  (57)
	Expr : Expr . '+' Expr  (63)
	Expr : Expr . '-' Expr  (64)
	Expr : Expr . '*' Expr  (65)
	Expr : Expr . '/' Expr  (66)
	Expr : Expr . '%' Expr  (67)
	Expr : Expr . EQUAL Expr  (68)
	Expr : Expr . NOT_EQUAL Expr  (69)
	Expr : Expr . '<' Expr  (70)
	Expr : Expr . '>' Expr  (71)
	Expr : Expr . LESS_EQUAL Expr  (72)
	Expr : Expr . GREATER_EQUAL Expr  (73)
	Expr : Expr . AND Expr  (74)
	Expr : Expr . OR Expr  (75)
	Expr : Expr . ARRAYCOPY Expr  (86)
	Expr : Expr . ARRAYAPPEND Expr  (87)
	Expr : Expr . '[' Expr ':' Expr ']'  (88)
	Expr : Expr '[' Expr ':' Expr . ']'  (88)
	Expr : Expr . '[' Expr ']' DEFAULT Expr  (89)

	AND  shift 121
	OR  shift 122
	LESS_EQUAL  shift 123
	GREATER_EQUAL  shift 124
	EQUAL  shift 125
	NOT_EQUAL  shift 126
	ARRAYCOPY  shift 127
	ARRAYAPPEND  shift 128
	'+'  shift 129
	'-'  shift 130
	'*'  shift 131
	'/'  shift 132
	'%'  shift 133
	'>'  shift 134
	'<'  shift 135
	'.'  shift 136
	'['  shift 137
	']'  shift 227
	.  error


state 217
	Call : Receiver IDENTIFIER '(' Actuals ')' .  (59)

	.  reduce 59


state 218
	ForStmt : FOR '(' SimpleStmt ';' Expr ';' . SimpleStmt ')' Stmt  (104)
	SimpleStmt : .  (42)
	Receiver : .  (55)

	NULL  shift 53
	THIS  shift 54
	VAR  shift 59
	NEW  shift 63
	READ_INTEGER  shift 65
	READ_LINE  shift 66
	LITERAL  shift 67
	INSTANCEOF  shift 68
	'-'  shift 69
	'!'  shift 70
	'('  shift 71
	'['  shift 72
	IDENTIFIER  reduce 55
	')'  reduce 42

	SimpleStmt  goto 228
	LValue  goto 87
	Expr  goto 88
	Call  goto 89
	Receiver  goto 90
	Constant  goto 91


state 219
	OCStmt : SCOPY '(' IDENTIFIER ',' Expr ')' .  (43)

	.  reduce 43


state 220
	WhileClause : WHILE . Expr  (52)
	Receiver : .  (55)

	NULL  shift 53
	THIS  shift 54
	VAR  shift 59
	NEW  shift 63
	READ_INTEGER  shift 65
	READ_LINE  shift 66
	LITERAL  shift 67
	INSTANCEOF  shift 68
	'-'  shift 69
	'!'  shift 70
	'('  shift 71
	'['  shift 72
	IDENTIFIER  reduce 55

	LValue  goto 99
	Expr  goto 229
	Call  goto 101
	Receiver  goto 90
	Constant  goto 91


state 221
	ForeachStmt : FOREACH '(' BoundVariable IN Expr WhileClause . ')' Stmt  (51)

	')'  shift 230
	.  error


state 222
	ElseClause : ELSE . Stmt  (107)
	SimpleStmt : .  (42)
	Receiver : .  (55)

	VOID  shift 17
	BOOL  shift 18
	INT  shift 19
	STRING  shift 20
	CLASS  shift 21
	NULL  shift 53
	THIS  shift 54
	WHILE  shift 55
	FOR  shift 56
	SCOPY  shift 57
	FOREACH  shift 58
	VAR  shift 59
	IF  shift 60
	RETURN  shift 61
	BREAK  shift 62
	NEW  shift 63
	PRINT  shift 64
	READ_INTEGER  shift 65
	READ_LINE  shift 66
	LITERAL  shift 67
	INSTANCEOF  shift 68
	'-'  shift 69
	'!'  shift 70
	'('  shift 71
	'['  shift 72
	'{'  shift 48
	IDENTIFIER  reduce 55
	';'  reduce 42

	VariableDef  goto 74
	Variable  goto 25
	Type  goto 40
	StmtBlock  goto 75
	Stmt  goto 231
	SimpleStmt  goto 77
	IfStmt  goto 78
	WhileStmt  goto 79
	ForStmt  goto 80
	ReturnStmt  goto 81
	PrintStmt  goto 82
	BreakStmt  goto 83
	OCStmt  goto 84
	GuardedStmt  goto 85
	ForeachStmt  goto 86
	LValue  goto 87
	Expr  goto 88
	Call  goto 89
	Receiver  goto 90
	Constant  goto 91


state 223
	IfStmt : IF '(' Expr ')' Stmt ElseClause .  (106)

	.  reduce 106


state 224
	Expr : INSTANCEOF '(' Expr ',' IDENTIFIER ')' .  (84)

	.  reduce 84


state 225
	Receiver : Expr . '.'  (54)
	LValue : Expr . '[' Expr ']'  (57)
	Expr : Expr . '+' Expr  (63)
	Expr : Expr . '-' Expr  (64)
	Expr : Expr . '*' Expr  (65)
	Expr : Expr . '/' Expr  (66)
	Expr : Expr . '%' Expr  (67)
	Expr : Expr . EQUAL Expr  (68)
	Expr : Expr . NOT_EQUAL Expr  (69)
	Expr : Expr . '<' Expr  (70)
	Expr : Expr . '>' Expr  (71)
	Expr : Expr . LESS_EQUAL Expr  (72)
	Expr : Expr . GREATER_EQUAL Expr  (73)
	Expr : Expr . AND Expr  (74)
	Expr : Expr . OR Expr  (75)
	Expr : Expr . ARRAYCOPY Expr  (86)
	Expr : Expr . ARRAYAPPEND Expr  (87)
	Expr : Expr . '[' Expr ':' Expr ']'  (88)
	Expr : Expr . '[' Expr ']' DEFAULT Expr  (89)
	Expr : '[' Expr FOR IDENTIFIER IN Expr . IfClause ']'  (90)
	IfClause : .  (92)

	IF  shift 232
	AND  shift 121
	OR  shift 122
	LESS_EQUAL  shift 123
	GREATER_EQUAL  shift 124
	EQUAL  shift 125
	NOT_EQUAL  shift 126
	ARRAYCOPY  shift 127
	ARRAYAPPEND  shift 128
	'+'  shift 129
	'-'  shift 130
	'*'  shift 131
	'/'  shift 132
	'%'  shift 133
	'>'  shift 134
	'<'  shift 135
	'.'  shift 136
	'['  shift 137
	']'  reduce 92

	IfClause  goto 233


state 226
	Receiver : Expr . '.'  (54)
	LValue : Expr . '[' Expr ']'  (57)
	Expr : Expr . '+' Expr  (63)
	Expr : Expr . '-' Expr  (64)
	Expr : Expr . '*' Expr  (65)
	Expr : Expr . '/' Expr  (66)
	Expr : Expr . '%' Expr  (67)
	Expr : Expr . EQUAL Expr  (68)
	Expr : Expr . NOT_EQUAL Expr  (69)
	Expr : Expr . '<' Expr  (70)
	Expr : Expr . '>' Expr  (71)
	Expr : Expr . LESS_EQUAL Expr  (72)
	Expr : Expr . GREATER_EQUAL Expr  (73)
	Expr : Expr . AND Expr  (74)
	Expr : Expr . OR Expr  (75)
	Expr : Expr . ARRAYCOPY Expr  (86)
	Expr : Expr . ARRAYAPPEND Expr  (87)
	Expr : Expr . '[' Expr ':' Expr ']'  (88)
	Expr : Expr . '[' Expr ']' DEFAULT Expr  (89)
	Expr : Expr '[' Expr ']' DEFAULT Expr .  (89)

	.  reduce 89


state 227
	Expr : Expr '[' Expr ':' Expr ']' .  (88)

	.  reduce 88


state 228
	ForStmt : FOR '(' SimpleStmt ';' Expr ';' SimpleStmt . ')' Stmt  (104)

	')'  shift 234
	.  error


state 229
	WhileClause : WHILE Expr .  (52)
	Receiver : Expr . '.'  (54)
	LValue : Expr . '[' Expr ']'  (57)
	Expr : Expr . '+' Expr  (63)
	Expr : Expr . '-' Expr  (64)
	Expr : Expr . '*' Expr  (65)
	Expr : Expr . '/' Expr  (66)
	Expr : Expr . '%' Expr  (67)
	Expr : Expr . EQUAL Expr  (68)
	Expr : Expr . NOT_EQUAL Expr  (69)
	Expr : Expr . '<' Expr  (70)
	Expr : Expr . '>' Expr  (71)
	Expr : Expr . LESS_EQUAL Expr  (72)
	Expr : Expr . GREATER_EQUAL Expr  (73)
	Expr : Expr . AND Expr  (74)
	Expr : Expr . OR Expr  (75)
	Expr : Expr . ARRAYCOPY Expr  (86)
	Expr : Expr . ARRAYAPPEND Expr  (87)
	Expr : Expr . '[' Expr ':' Expr ']'  (88)
	Expr : Expr . '[' Expr ']' DEFAULT Expr  (89)

	AND  shift 121
	OR  shift 122
	LESS_EQUAL  shift 123
	GREATER_EQUAL  shift 124
	EQUAL  shift 125
	NOT_EQUAL  shift 126
	ARRAYCOPY  shift 127
	ARRAYAPPEND  shift 128
	'+'  shift 129
	'-'  shift 130
	'*'  shift 131
	'/'  shift 132
	'%'  shift 133
	'>'  shift 134
	'<'  shift 135
	'.'  shift 136
	'['  shift 137
	')'  reduce 52


state 230
	ForeachStmt : FOREACH '(' BoundVariable IN Expr WhileClause ')' . Stmt  (51)
	SimpleStmt : .  (42)
	Receiver : .  (55)

	VOID  shift 17
	BOOL  shift 18
	INT  shift 19
	STRING  shift 20
	CLASS  shift 21
	NULL  shift 53
	THIS  shift 54
	WHILE  shift 55
	FOR  shift 56
	SCOPY  shift 57
	FOREACH  shift 58
	VAR  shift 59
	IF  shift 60
	RETURN  shift 61
	BREAK  shift 62
	NEW  shift 63
	PRINT  shift 64
	READ_INTEGER  shift 65
	READ_LINE  shift 66
	LITERAL  shift 67
	INSTANCEOF  shift 68
	'-'  shift 69
	'!'  shift 70
	'('  shift 71
	'['  shift 72
	'{'  shift 48
	IDENTIFIER  reduce 55
	';'  reduce 42

	VariableDef  goto 74
	Variable  goto 25
	Type  goto 40
	StmtBlock  goto 75
	Stmt  goto 235
	SimpleStmt  goto 77
	IfStmt  goto 78
	WhileStmt  goto 79
	ForStmt  goto 80
	ReturnStmt  goto 81
	PrintStmt  goto 82
	BreakStmt  goto 83
	OCStmt  goto 84
	GuardedStmt  goto 85
	ForeachStmt  goto 86
	LValue  goto 87
	Expr  goto 88
	Call  goto 89
	Receiver  goto 90
	Constant  goto 91


state 231
	ElseClause : ELSE Stmt .  (107)

	.  reduce 107


state 232
	IfClause : IF . Expr  (91)
	Receiver : .  (55)

	NULL  shift 53
	THIS  shift 54
	VAR  shift 59
	NEW  shift 63
	READ_INTEGER  shift 65
	READ_LINE  shift 66
	LITERAL  shift 67
	INSTANCEOF  shift 68
	'-'  shift 69
	'!'  shift 70
	'('  shift 71
	'['  shift 72
	IDENTIFIER  reduce 55

	LValue  goto 99
	Expr  goto 236
	Call  goto 101
	Receiver  goto 90
	Constant  goto 91


state 233
	Expr : '[' Expr FOR IDENTIFIER IN Expr IfClause . ']'  (90)

	']'  shift 237
	.  error


state 234
	ForStmt : FOR '(' SimpleStmt ';' Expr ';' SimpleStmt ')' . Stmt  (104)
	SimpleStmt : .  (42)
	Receiver : .  (55)

	VOID  shift 17
	BOOL  shift 18
	INT  shift 19
	STRING  shift 20
	CLASS  shift 21
	NULL  shift 53
	THIS  shift 54
	WHILE  shift 55
	FOR  shift 56
	SCOPY  shift 57
	FOREACH  shift 58
	VAR  shift 59
	IF  shift 60
	RETURN  shift 61
	BREAK  shift 62
	NEW  shift 63
	PRINT  shift 64
	READ_INTEGER  shift 65
	READ_LINE  shift 66
	LITERAL  shift 67
	INSTANCEOF  shift 68
	'-'  shift 69
	'!'  shift 70
	'('  shift 71
	'['  shift 72
	'{'  shift 48
	IDENTIFIER  reduce 55
	';'  reduce 42

	VariableDef  goto 74
	Variable  goto 25
	Type  goto 40
	StmtBlock  goto 75
	Stmt  goto 238
	SimpleStmt  goto 77
	IfStmt  goto 78
	WhileStmt  goto 79
	ForStmt  goto 80
	ReturnStmt  goto 81
	PrintStmt  goto 82
	BreakStmt  goto 83
	OCStmt  goto 84
	GuardedStmt  goto 85
	ForeachStmt  goto 86
	LValue  goto 87
	Expr  goto 88
	Call  goto 89
	Receiver  goto 90
	Constant  goto 91


state 235
	ForeachStmt : FOREACH '(' BoundVariable IN Expr WhileClause ')' Stmt .  (51)

	.  reduce 51


state 236
	Receiver : Expr . '.'  (54)
	LValue : Expr . '[' Expr ']'  (57)
	Expr : Expr . '+' Expr  (63)
	Expr : Expr . '-' Expr  (64)
	Expr : Expr . '*' Expr  (65)
	Expr : Expr . '/' Expr  (66)
	Expr : Expr . '%' Expr  (67)
	Expr : Expr . EQUAL Expr  (68)
	Expr : Expr . NOT_EQUAL Expr  (69)
	Expr : Expr . '<' Expr  (70)
	Expr : Expr . '>' Expr  (71)
	Expr : Expr . LESS_EQUAL Expr  (72)
	Expr : Expr . GREATER_EQUAL Expr  (73)
	Expr : Expr . AND Expr  (74)
	Expr : Expr . OR Expr  (75)
	Expr : Expr . ARRAYCOPY Expr  (86)
	Expr : Expr . ARRAYAPPEND Expr  (87)
	Expr : Expr . '[' Expr ':' Expr ']'  (88)
	Expr : Expr . '[' Expr ']' DEFAULT Expr  (89)
	IfClause : IF Expr .  (91)

	AND  shift 121
	OR  shift 122
	LESS_EQUAL  shift 123
	GREATER_EQUAL  shift 124
	EQUAL  shift 125
	NOT_EQUAL  shift 126
	ARRAYCOPY  shift 127
	ARRAYAPPEND  shift 128
	'+'  shift 129
	'-'  shift 130
	'*'  shift 131
	'/'  shift 132
	'%'  shift 133
	'>'  shift 134
	'<'  shift 135
	'.'  shift 136
	'['  shift 137
	']'  reduce 91


state 237
	Expr : '[' Expr FOR IDENTIFIER IN Expr IfClause ']' .  (90)

	.  reduce 90


state 238
	ForStmt : FOR '(' SimpleStmt ';' Expr ';' SimpleStmt ')' Stmt .  (104)

	.  reduce 104


60 terminals, 39 nonterminals
112 grammar rules, 239 states
